                      :-) GROMACS - gmx mdrun, 2022.3 (-:

Copyright 1991-2022 The GROMACS Authors.
GROMACS is free software; you can redistribute it and/or modify it
under the terms of the GNU Lesser General Public License
as published by the Free Software Foundation; either version 2.1
of the License, or (at your option) any later version.

                         Current GROMACS contributors:
       Mark Abraham           Andrey Alekseenko           Cathrine Bergh      
      Christian Blau            Eliane Briand               Kevin Boyd        
     Oliver Fleetwood         Stefan Fleischmann           Vytas Gapsys       
       Gaurav Garg           Gilles Gouaillardet            Alan Gray         
      Victor Holanda           M. Eric Irrgang              Joe Jordan        
    Christoph Junghans        Prashanth Kanduri           Sebastian Kehl      
     Sebastian Keller          Carsten Kutzner           Magnus Lundborg      
       Pascal Merz              Dmitry Morozov             Szilard Pall       
      Roland Schulz             Michael Shirts         David van der Spoel    
     Alessandra Villa      Sebastian Wingbermuehle        Artem Zhmurov       

                         Previous GROMACS contributors:
        Emile Apol             Rossen Apostolov           James Barnett       
  Herman J.C. Berendsen          Par Bjelkmar           Viacheslav Bolnykh    
    Aldert van Buuren          Carlo Camilloni           Rudi van Drunen      
      Anton Feenstra           Gerrit Groenhof            Bert de Groot       
      Anca Hamuraru           Vincent Hindriksen         Aleksei Iupinov      
   Dimitrios Karkoulis           Peter Kasson               Jiri Kraus        
       Per Larsson             Justin A. Lemkul           Viveca Lindahl      
      Erik Marklund           Pieter Meulenhoff           Vedran Miletic      
      Teemu Murtola              Sander Pronk            Alexey Shvetsov      
      Alfons Sijbers            Peter Tieleman             Jon Vincent        
     Teemu Virolainen         Christian Wennberg           Maarten Wolf       

                  Coordinated by the GROMACS project leaders:
                    Paul Bauer, Berk Hess, and Erik Lindahl

GROMACS:      gmx mdrun, version 2022.3
Executable:   /usr/local/gromacs/bin/gmx
Data prefix:  /usr/local/gromacs
Working dir:  /home/luisbarros/Downloads/tutorial1Gromacs
Process ID:   8059
Command line:
  gmx mdrun -deffnm npt

GROMACS version:    2022.3
Precision:          mixed
Memory model:       64 bit
MPI library:        thread_mpi
OpenMP support:     enabled (GMX_OPENMP_MAX_THREADS = 128)
GPU support:        disabled
SIMD instructions:  AVX2_256
CPU FFT library:    fftw-3.3.8-sse2-avx-avx2-avx2_128
GPU FFT library:    none
RDTSCP usage:       enabled
TNG support:        enabled
Hwloc support:      disabled
Tracing support:    disabled
C compiler:         /usr/bin/cc GNU 12.2.0
C compiler flags:   -mavx2 -mfma -Wno-missing-field-initializers -fexcess-precision=fast -funroll-all-loops -O3 -DNDEBUG
C++ compiler:       /usr/bin/c++ GNU 12.2.0
C++ compiler flags: -mavx2 -mfma -Wno-missing-field-initializers -fexcess-precision=fast -funroll-all-loops -fopenmp -O3 -DNDEBUG


Running on 1 node with total 6 cores, 12 processing units
Hardware detected:
  CPU info:
    Vendor: Intel
    Brand:  Intel(R) Core(TM) i7-10750H CPU @ 2.60GHz
    Family: 6   Model: 165   Stepping: 2
    Features: aes apic avx avx2 clfsh cmov cx8 cx16 f16c fma htt intel lahf mmx msr nonstop_tsc pcid pclmuldq pdcm pdpe1gb popcnt pse rdrnd rdtscp sse2 sse3 sse4.1 sse4.2 ssse3 tdt x2apic
  Hardware topology: Basic
    Packages, cores, and logical processors:
    [indices refer to OS logical processors]
      Package  0: [   0   6] [   1   7] [   2   8] [   3   9] [   4  10] [   5  11]
    CPU limit set by OS: -1   Recommended max number of threads: 12


++++ PLEASE READ AND CITE THE FOLLOWING REFERENCE ++++
M. J. Abraham, T. Murtola, R. Schulz, S. Páll, J. C. Smith, B. Hess, E.
Lindahl
GROMACS: High performance molecular simulations through multi-level
parallelism from laptops to supercomputers
SoftwareX 1 (2015) pp. 19-25
-------- -------- --- Thank You --- -------- --------


++++ PLEASE READ AND CITE THE FOLLOWING REFERENCE ++++
S. Páll, M. J. Abraham, C. Kutzner, B. Hess, E. Lindahl
Tackling Exascale Software Challenges in Molecular Dynamics Simulations with
GROMACS
In S. Markidis & E. Laure (Eds.), Solving Software Challenges for Exascale 8759 (2015) pp. 3-27
-------- -------- --- Thank You --- -------- --------


++++ PLEASE READ AND CITE THE FOLLOWING REFERENCE ++++
S. Pronk, S. Páll, R. Schulz, P. Larsson, P. Bjelkmar, R. Apostolov, M. R.
Shirts, J. C. Smith, P. M. Kasson, D. van der Spoel, B. Hess, and E. Lindahl
GROMACS 4.5: a high-throughput and highly parallel open source molecular
simulation toolkit
Bioinformatics 29 (2013) pp. 845-54
-------- -------- --- Thank You --- -------- --------


++++ PLEASE READ AND CITE THE FOLLOWING REFERENCE ++++
B. Hess and C. Kutzner and D. van der Spoel and E. Lindahl
GROMACS 4: Algorithms for highly efficient, load-balanced, and scalable
molecular simulation
J. Chem. Theory Comput. 4 (2008) pp. 435-447
-------- -------- --- Thank You --- -------- --------


++++ PLEASE READ AND CITE THE FOLLOWING REFERENCE ++++
D. van der Spoel, E. Lindahl, B. Hess, G. Groenhof, A. E. Mark and H. J. C.
Berendsen
GROMACS: Fast, Flexible and Free
J. Comp. Chem. 26 (2005) pp. 1701-1719
-------- -------- --- Thank You --- -------- --------


++++ PLEASE READ AND CITE THE FOLLOWING REFERENCE ++++
E. Lindahl and B. Hess and D. van der Spoel
GROMACS 3.0: A package for molecular simulation and trajectory analysis
J. Mol. Mod. 7 (2001) pp. 306-317
-------- -------- --- Thank You --- -------- --------


++++ PLEASE READ AND CITE THE FOLLOWING REFERENCE ++++
H. J. C. Berendsen, D. van der Spoel and R. van Drunen
GROMACS: A message-passing parallel molecular dynamics implementation
Comp. Phys. Comm. 91 (1995) pp. 43-56
-------- -------- --- Thank You --- -------- --------


++++ PLEASE CITE THE DOI FOR THIS VERSION OF GROMACS ++++
https://doi.org/10.5281/zenodo.7037338
-------- -------- --- Thank You --- -------- --------

Input Parameters:
   integrator                     = md
   tinit                          = 0
   dt                             = 0.002
   nsteps                         = 50000
   init-step                      = 0
   simulation-part                = 1
   mts                            = false
   comm-mode                      = Linear
   nstcomm                        = 100
   bd-fric                        = 0
   ld-seed                        = -1364329573
   emtol                          = 10
   emstep                         = 0.01
   niter                          = 20
   fcstep                         = 0
   nstcgsteep                     = 1000
   nbfgscorr                      = 10
   rtpi                           = 0.05
   nstxout                        = 500
   nstvout                        = 500
   nstfout                        = 0
   nstlog                         = 500
   nstcalcenergy                  = 100
   nstenergy                      = 500
   nstxout-compressed             = 0
   compressed-x-precision         = 1000
   cutoff-scheme                  = Verlet
   nstlist                        = 10
   pbc                            = xyz
   periodic-molecules             = false
   verlet-buffer-tolerance        = 0.005
   rlist                          = 1
   coulombtype                    = PME
   coulomb-modifier               = Potential-shift
   rcoulomb-switch                = 0
   rcoulomb                       = 1
   epsilon-r                      = 1
   epsilon-rf                     = inf
   vdw-type                       = Cut-off
   vdw-modifier                   = Potential-shift
   rvdw-switch                    = 0
   rvdw                           = 1
   DispCorr                       = EnerPres
   table-extension                = 1
   fourierspacing                 = 0.16
   fourier-nx                     = 44
   fourier-ny                     = 44
   fourier-nz                     = 44
   pme-order                      = 4
   ewald-rtol                     = 1e-05
   ewald-rtol-lj                  = 0.001
   lj-pme-comb-rule               = Geometric
   ewald-geometry                 = 3d
   epsilon-surface                = 0
   tcoupl                         = V-rescale
   nsttcouple                     = 10
   nh-chain-length                = 0
   print-nose-hoover-chain-variables = false
   pcoupl                         = Parrinello-Rahman
   pcoupltype                     = Isotropic
   nstpcouple                     = 10
   tau-p                          = 2
   compressibility (3x3):
      compressibility[    0]={ 4.50000e-05,  0.00000e+00,  0.00000e+00}
      compressibility[    1]={ 0.00000e+00,  4.50000e-05,  0.00000e+00}
      compressibility[    2]={ 0.00000e+00,  0.00000e+00,  4.50000e-05}
   ref-p (3x3):
      ref-p[    0]={ 1.00000e+00,  0.00000e+00,  0.00000e+00}
      ref-p[    1]={ 0.00000e+00,  1.00000e+00,  0.00000e+00}
      ref-p[    2]={ 0.00000e+00,  0.00000e+00,  1.00000e+00}
   refcoord-scaling               = COM
   posres-com (3):
      posres-com[0]= 4.97606e-01
      posres-com[1]= 5.02552e-01
      posres-com[2]= 4.99705e-01
   posres-comB (3):
      posres-comB[0]= 4.97606e-01
      posres-comB[1]= 5.02552e-01
      posres-comB[2]= 4.99705e-01
   QMMM                           = false
qm-opts:
   ngQM                           = 0
   constraint-algorithm           = Lincs
   continuation                   = true
   Shake-SOR                      = false
   shake-tol                      = 0.0001
   lincs-order                    = 4
   lincs-iter                     = 1
   lincs-warnangle                = 30
   nwall                          = 0
   wall-type                      = 9-3
   wall-r-linpot                  = -1
   wall-atomtype[0]               = -1
   wall-atomtype[1]               = -1
   wall-density[0]                = 0
   wall-density[1]                = 0
   wall-ewald-zfac                = 3
   pull                           = false
   awh                            = false
   rotation                       = false
   interactiveMD                  = false
   disre                          = No
   disre-weighting                = Conservative
   disre-mixed                    = false
   dr-fc                          = 1000
   dr-tau                         = 0
   nstdisreout                    = 100
   orire-fc                       = 0
   orire-tau                      = 0
   nstorireout                    = 100
   free-energy                    = no
   cos-acceleration               = 0
   deform (3x3):
      deform[    0]={ 0.00000e+00,  0.00000e+00,  0.00000e+00}
      deform[    1]={ 0.00000e+00,  0.00000e+00,  0.00000e+00}
      deform[    2]={ 0.00000e+00,  0.00000e+00,  0.00000e+00}
   simulated-tempering            = false
   swapcoords                     = no
   userint1                       = 0
   userint2                       = 0
   userint3                       = 0
   userint4                       = 0
   userreal1                      = 0
   userreal2                      = 0
   userreal3                      = 0
   userreal4                      = 0
   applied-forces:
     electric-field:
       x:
         E0                       = 0
         omega                    = 0
         t0                       = 0
         sigma                    = 0
       y:
         E0                       = 0
         omega                    = 0
         t0                       = 0
         sigma                    = 0
       z:
         E0                       = 0
         omega                    = 0
         t0                       = 0
         sigma                    = 0
     density-guided-simulation:
       active                     = false
       group                      = protein
       similarity-measure         = inner-product
       atom-spreading-weight      = unity
       force-constant             = 1e+09
       gaussian-transform-spreading-width = 0.2
       gaussian-transform-spreading-range-in-multiples-of-width = 4
       reference-density-filename = reference.mrc
       nst                        = 1
       normalize-densities        = true
       adaptive-force-scaling     = false
       adaptive-force-scaling-time-constant = 4
       shift-vector               = 
       transformation-matrix      = 
     qmmm-cp2k:
       active                     = false
       qmgroup                    = System
       qmmethod                   = PBE
       qmfilenames                = 
       qmcharge                   = 0
       qmmultiplicity             = 1
grpopts:
   nrdf:     4920.79     63837.2
   ref-t:         300         300
   tau-t:         0.1         0.1
annealing:          No          No
annealing-npoints:           0           0
   acc:	           0           0           0
   nfreeze:           N           N           N
   energygrp-flags[  0]: 0

Changing nstlist from 10 to 50, rlist from 1 to 1.115


Initializing Domain Decomposition on 1 ranks
Dynamic load balancing: auto
Using update groups, nr 11645, average size 2.9 atoms, max. radius 0.103 nm
Minimum cell size due to atom displacement: 0.398 nm
Initial maximum distances in bonded interactions:
    two-body bonded interactions: 0.461 nm, LJ-14, atoms 1156 1405
  multi-body bonded interactions: 0.461 nm, Ryckaert-Bell., atoms 1156 1405
Minimum cell size due to bonded interactions: 0.508 nm
Using 0 separate PME ranks because: there are too few total ranks for efficient splitting
Optimizing the DD grid for 1 cells with a minimum initial size of 0.508 nm
The maximum allowed number of cells is: X 13 Y 13 Z 13
Domain decomposition grid 1 x 1 x 1, separate PME ranks 0
PME domain decomposition: 1 x 1 x 1

The initial number of communication pulses is:
The initial domain decomposition cell size is:

The maximum allowed distance for atom groups involved in interactions is:
                 non-bonded interactions           1.322 nm
(the following are initial values, they could change due to box deformation)
            two-body bonded interactions  (-rdd)   1.322 nm
          multi-body bonded interactions  (-rdd)   1.322 nm

When dynamic load balancing gets turned on, these settings will change to:
The maximum number of communication pulses is:
The minimum size for domain decomposition cells is 1.322 nm
The requested allowed shrink of DD cells (option -dds) is: 0.80
The allowed shrink of domain decomposition cells is:
The maximum allowed distance for atom groups involved in interactions is:
                 non-bonded interactions           1.322 nm
            two-body bonded interactions  (-rdd)   1.322 nm
          multi-body bonded interactions  (-rdd)   1.322 nm

Using 1 MPI thread
Using 12 OpenMP threads 

Pinning threads with an auto-selected logical cpu stride of 1
System total charge: -0.000
Will do PME sum in reciprocal space for electrostatic interactions.

++++ PLEASE READ AND CITE THE FOLLOWING REFERENCE ++++
U. Essmann, L. Perera, M. L. Berkowitz, T. Darden, H. Lee and L. G. Pedersen 
A smooth particle mesh Ewald method
J. Chem. Phys. 103 (1995) pp. 8577-8592
-------- -------- --- Thank You --- -------- --------

Using a Gaussian width (1/beta) of 0.320163 nm for Ewald
Potential shift: LJ r^-12: -1.000e+00 r^-6: -1.000e+00, Ewald -1.000e-05
Initialized non-bonded Coulomb Ewald tables, spacing: 9.33e-04 size: 1073

Generated table with 1057 data points for 1-4 COUL.
Tabscale = 500 points/nm
Generated table with 1057 data points for 1-4 LJ6.
Tabscale = 500 points/nm
Generated table with 1057 data points for 1-4 LJ12.
Tabscale = 500 points/nm
Long Range LJ corr.: <C6> 3.1923e-04


Using SIMD 4x8 nonbonded short-range kernels

Using a dual 4x8 pair-list setup updated with dynamic pruning:
  outer list: updated every 50 steps, buffer 0.115 nm, rlist 1.115 nm
  inner list: updated every 12 steps, buffer 0.002 nm, rlist 1.002 nm
At tolerance 0.005 kJ/mol/ps per atom, equivalent classical 1x1 list would be:
  outer list: updated every 50 steps, buffer 0.243 nm, rlist 1.243 nm
  inner list: updated every 12 steps, buffer 0.047 nm, rlist 1.047 nm

Using Geometric Lennard-Jones combination rule

Linking all bonded interactions to atoms


Initializing LINear Constraint Solver

++++ PLEASE READ AND CITE THE FOLLOWING REFERENCE ++++
B. Hess and H. Bekker and H. J. C. Berendsen and J. G. E. M. Fraaije
LINCS: A Linear Constraint Solver for molecular simulations
J. Comp. Chem. 18 (1997) pp. 1463-1472
-------- -------- --- Thank You --- -------- --------

The number of constraints is 959

++++ PLEASE READ AND CITE THE FOLLOWING REFERENCE ++++
S. Miyamoto and P. A. Kollman
SETTLE: An Analytical Version of the SHAKE and RATTLE Algorithms for Rigid
Water Models
J. Comp. Chem. 13 (1992) pp. 952-962
-------- -------- --- Thank You --- -------- --------


++++ PLEASE READ AND CITE THE FOLLOWING REFERENCE ++++
G. Bussi, D. Donadio and M. Parrinello
Canonical sampling through velocity rescaling
J. Chem. Phys. 126 (2007) pp. 014101
-------- -------- --- Thank You --- -------- --------

There are: 33876 Atoms

Atom distribution over 1 domains: av 33876 stddev 0 min 33876 max 33876
Center of mass motion removal mode is Linear
We have the following groups for center of mass motion removal:
  0:  rest

Started mdrun on rank 0 Fri Oct 28 19:37:27 2022

           Step           Time
              0        0.00000

   Energies (kJ/mol)
           Bond          Angle    Proper Dih. Ryckaert-Bell.          LJ-14
    1.54897e+03    3.73130e+03    2.67914e+02    1.92460e+03    2.65048e+03
     Coulomb-14        LJ (SR)  Disper. corr.   Coulomb (SR)   Coul. recip.
    7.80460e+03    9.11078e+04   -4.44920e+03   -6.29913e+05    3.07264e+03
 Position Rest.      Potential    Kinetic En.   Total Energy  Conserved En.
    1.18764e-01   -5.22254e+05    8.49439e+04   -4.37310e+05   -4.37289e+05
    Temperature Pres. DC (bar) Pressure (bar)   Constr. rmsd
    2.97170e+02   -2.14729e+02   -6.26823e+02    2.60145e-06

           Step           Time
            500        1.00000

   Energies (kJ/mol)
           Bond          Angle    Proper Dih. Ryckaert-Bell.          LJ-14
    1.35166e+03    3.80956e+03    2.54918e+02    1.93358e+03    2.69521e+03
     Coulomb-14        LJ (SR)  Disper. corr.   Coulomb (SR)   Coul. recip.
    7.79465e+03    9.55708e+04   -4.56788e+03   -6.37414e+05    2.96311e+03
 Position Rest.      Potential    Kinetic En.   Total Energy  Conserved En.
    4.30083e+02   -5.25178e+05    8.56831e+04   -4.39495e+05   -4.37265e+05
    Temperature Pres. DC (bar) Pressure (bar)   Constr. rmsd
    2.99756e+02   -2.26323e+02    3.39806e+02    3.04797e-06

           Step           Time
           1000        2.00000

   Energies (kJ/mol)
           Bond          Angle    Proper Dih. Ryckaert-Bell.          LJ-14
    1.34265e+03    3.90401e+03    2.32333e+02    1.78275e+03    2.71909e+03
     Coulomb-14        LJ (SR)  Disper. corr.   Coulomb (SR)   Coul. recip.
    7.75345e+03    9.31191e+04   -4.56370e+03   -6.35265e+05    2.97611e+03
 Position Rest.      Potential    Kinetic En.   Total Energy  Conserved En.
    4.52659e+02   -5.25547e+05    8.60118e+04   -4.39535e+05   -4.37262e+05
    Temperature Pres. DC (bar) Pressure (bar)   Constr. rmsd
    3.00906e+02   -2.25908e+02   -1.15791e+01    2.39557e-06

           Step           Time
           1500        3.00000

   Energies (kJ/mol)
           Bond          Angle    Proper Dih. Ryckaert-Bell.          LJ-14
    1.42071e+03    3.86167e+03    2.92957e+02    1.82585e+03    2.68568e+03
     Coulomb-14        LJ (SR)  Disper. corr.   Coulomb (SR)   Coul. recip.
    7.73069e+03    9.27204e+04   -4.55567e+03   -6.33217e+05    2.86826e+03
 Position Rest.      Potential    Kinetic En.   Total Energy  Conserved En.
    4.80657e+02   -5.23886e+05    8.68468e+04   -4.37039e+05   -4.37272e+05
    Temperature Pres. DC (bar) Pressure (bar)   Constr. rmsd
    3.03827e+02   -2.25115e+02   -5.86958e+01    2.76403e-06

           Step           Time
           2000        4.00000

   Energies (kJ/mol)
           Bond          Angle    Proper Dih. Ryckaert-Bell.          LJ-14
    1.43169e+03    3.80665e+03    2.57613e+02    1.96585e+03    2.61683e+03
     Coulomb-14        LJ (SR)  Disper. corr.   Coulomb (SR)   Coul. recip.
    7.77030e+03    9.35785e+04   -4.55371e+03   -6.35029e+05    2.96057e+03
 Position Rest.      Potential    Kinetic En.   Total Energy  Conserved En.
    4.43288e+02   -5.24752e+05    8.59098e+04   -4.38842e+05   -4.37261e+05
    Temperature Pres. DC (bar) Pressure (bar)   Constr. rmsd
    3.00549e+02   -2.24922e+02   -1.64890e+02    2.45007e-06

           Step           Time
           2500        5.00000

   Energies (kJ/mol)
           Bond          Angle    Proper Dih. Ryckaert-Bell.          LJ-14
    1.47564e+03    3.60171e+03    2.72902e+02    1.89180e+03    2.61909e+03
     Coulomb-14        LJ (SR)  Disper. corr.   Coulomb (SR)   Coul. recip.
    7.77772e+03    9.41829e+04   -4.55678e+03   -6.36460e+05    2.89105e+03
 Position Rest.      Potential    Kinetic En.   Total Energy  Conserved En.
    4.78061e+02   -5.25826e+05    8.58309e+04   -4.39995e+05   -4.37277e+05
    Temperature Pres. DC (bar) Pressure (bar)   Constr. rmsd
    3.00273e+02   -2.25225e+02   -7.43123e+01    2.80364e-06

           Step           Time
           3000        6.00000

   Energies (kJ/mol)
           Bond          Angle    Proper Dih. Ryckaert-Bell.          LJ-14
    1.49383e+03    3.75580e+03    2.18052e+02    1.80389e+03    2.58575e+03
     Coulomb-14        LJ (SR)  Disper. corr.   Coulomb (SR)   Coul. recip.
    7.65667e+03    9.43785e+04   -4.55909e+03   -6.36248e+05    2.90754e+03
 Position Rest.      Potential    Kinetic En.   Total Energy  Conserved En.
    4.44198e+02   -5.25563e+05    8.54082e+04   -4.40155e+05   -4.37235e+05
    Temperature Pres. DC (bar) Pressure (bar)   Constr. rmsd
    2.98794e+02   -2.25453e+02   -1.86799e+02    2.75587e-06

           Step           Time
           3500        7.00000

   Energies (kJ/mol)
           Bond          Angle    Proper Dih. Ryckaert-Bell.          LJ-14
    1.56358e+03    3.72562e+03    2.66651e+02    1.86609e+03    2.70820e+03
     Coulomb-14        LJ (SR)  Disper. corr.   Coulomb (SR)   Coul. recip.
    7.79564e+03    9.46873e+04   -4.56436e+03   -6.36118e+05    2.89121e+03
 Position Rest.      Potential    Kinetic En.   Total Energy  Conserved En.
    4.85205e+02   -5.24693e+05    8.67256e+04   -4.37967e+05   -4.37236e+05
    Temperature Pres. DC (bar) Pressure (bar)   Constr. rmsd
    3.03403e+02   -2.25974e+02    7.31676e+01    2.89463e-06

           Step           Time
           4000        8.00000

   Energies (kJ/mol)
           Bond          Angle    Proper Dih. Ryckaert-Bell.          LJ-14
    1.44763e+03    3.83302e+03    2.41056e+02    1.79136e+03    2.63302e+03
     Coulomb-14        LJ (SR)  Disper. corr.   Coulomb (SR)   Coul. recip.
    7.69323e+03    9.31394e+04   -4.55913e+03   -6.33442e+05    2.90354e+03
 Position Rest.      Potential    Kinetic En.   Total Energy  Conserved En.
    4.89189e+02   -5.23829e+05    8.56417e+04   -4.38188e+05   -4.37234e+05
    Temperature Pres. DC (bar) Pressure (bar)   Constr. rmsd
    2.99611e+02   -2.25457e+02   -1.04289e+02    3.07977e-06

           Step           Time
           4500        9.00000

   Energies (kJ/mol)
           Bond          Angle    Proper Dih. Ryckaert-Bell.          LJ-14
    1.57993e+03    3.79994e+03    2.20773e+02    1.83723e+03    2.62095e+03
     Coulomb-14        LJ (SR)  Disper. corr.   Coulomb (SR)   Coul. recip.
    7.77804e+03    9.27687e+04   -4.54978e+03   -6.34163e+05    2.95549e+03
 Position Rest.      Potential    Kinetic En.   Total Energy  Conserved En.
    4.70951e+02   -5.24681e+05    8.69165e+04   -4.37765e+05   -4.37249e+05
    Temperature Pres. DC (bar) Pressure (bar)   Constr. rmsd
    3.04071e+02   -2.24535e+02   -2.38805e+02    3.04090e-06

           Step           Time
           5000       10.00000

   Energies (kJ/mol)
           Bond          Angle    Proper Dih. Ryckaert-Bell.          LJ-14
    1.48755e+03    3.81829e+03    2.39524e+02    1.77110e+03    2.64269e+03
     Coulomb-14        LJ (SR)  Disper. corr.   Coulomb (SR)   Coul. recip.
    7.77732e+03    9.42564e+04   -4.56592e+03   -6.35854e+05    2.98816e+03
 Position Rest.      Potential    Kinetic En.   Total Energy  Conserved En.
    4.75326e+02   -5.24964e+05    8.61350e+04   -4.38829e+05   -4.37248e+05
    Temperature Pres. DC (bar) Pressure (bar)   Constr. rmsd
    3.01337e+02   -2.26128e+02    1.62475e+02    3.04165e-06

           Step           Time
           5500       11.00000

   Energies (kJ/mol)
           Bond          Angle    Proper Dih. Ryckaert-Bell.          LJ-14
    1.46336e+03    3.66939e+03    2.40430e+02    1.79918e+03    2.60527e+03
     Coulomb-14        LJ (SR)  Disper. corr.   Coulomb (SR)   Coul. recip.
    7.72198e+03    9.36589e+04   -4.55600e+03   -6.34393e+05    2.91769e+03
 Position Rest.      Potential    Kinetic En.   Total Energy  Conserved En.
    4.61157e+02   -5.24412e+05    8.51344e+04   -4.39278e+05   -4.37225e+05
    Temperature Pres. DC (bar) Pressure (bar)   Constr. rmsd
    2.97836e+02   -2.25148e+02   -2.76284e+00    2.87410e-06

           Step           Time
           6000       12.00000

   Energies (kJ/mol)
           Bond          Angle    Proper Dih. Ryckaert-Bell.          LJ-14
    1.47132e+03    3.61399e+03    2.41513e+02    1.81794e+03    2.76076e+03
     Coulomb-14        LJ (SR)  Disper. corr.   Coulomb (SR)   Coul. recip.
    7.75620e+03    9.45829e+04   -4.57784e+03   -6.35962e+05    2.88259e+03
 Position Rest.      Potential    Kinetic En.   Total Energy  Conserved En.
    4.40438e+02   -5.24972e+05    8.53452e+04   -4.39627e+05   -4.37232e+05
    Temperature Pres. DC (bar) Pressure (bar)   Constr. rmsd
    2.98574e+02   -2.27309e+02    2.32416e+02    2.66947e-06

           Step           Time
           6500       13.00000

   Energies (kJ/mol)
           Bond          Angle    Proper Dih. Ryckaert-Bell.          LJ-14
    1.52093e+03    3.68024e+03    2.33909e+02    1.78058e+03    2.69278e+03
     Coulomb-14        LJ (SR)  Disper. corr.   Coulomb (SR)   Coul. recip.
    7.69881e+03    9.43842e+04   -4.55839e+03   -6.35988e+05    2.92197e+03
 Position Rest.      Potential    Kinetic En.   Total Energy  Conserved En.
    5.04269e+02   -5.25128e+05    8.70774e+04   -4.38051e+05   -4.37230e+05
    Temperature Pres. DC (bar) Pressure (bar)   Constr. rmsd
    3.04634e+02   -2.25384e+02    1.32666e+02    2.86493e-06

           Step           Time
           7000       14.00000

   Energies (kJ/mol)
           Bond          Angle    Proper Dih. Ryckaert-Bell.          LJ-14
    1.37177e+03    3.65492e+03    2.66555e+02    1.85761e+03    2.75438e+03
     Coulomb-14        LJ (SR)  Disper. corr.   Coulomb (SR)   Coul. recip.
    7.91861e+03    9.41999e+04   -4.54951e+03   -6.36436e+05    2.91515e+03
 Position Rest.      Potential    Kinetic En.   Total Energy  Conserved En.
    4.78804e+02   -5.25568e+05    8.49813e+04   -4.40586e+05   -4.37204e+05
    Temperature Pres. DC (bar) Pressure (bar)   Constr. rmsd
    2.97301e+02   -2.24508e+02   -1.06714e+01    3.09313e-06

           Step           Time
           7500       15.00000

   Energies (kJ/mol)
           Bond          Angle    Proper Dih. Ryckaert-Bell.          LJ-14
    1.42275e+03    3.57167e+03    2.37879e+02    1.81956e+03    2.71598e+03
     Coulomb-14        LJ (SR)  Disper. corr.   Coulomb (SR)   Coul. recip.
    7.78164e+03    9.54380e+04   -4.56131e+03   -6.37013e+05    2.97163e+03
 Position Rest.      Potential    Kinetic En.   Total Energy  Conserved En.
    4.76294e+02   -5.25139e+05    8.60058e+04   -4.39133e+05   -4.37234e+05
    Temperature Pres. DC (bar) Pressure (bar)   Constr. rmsd
    3.00885e+02   -2.25673e+02    3.59151e+02    3.32878e-06

           Step           Time
           8000       16.00000

   Energies (kJ/mol)
           Bond          Angle    Proper Dih. Ryckaert-Bell.          LJ-14
    1.36089e+03    3.60086e+03    2.33576e+02    1.78456e+03    2.64223e+03
     Coulomb-14        LJ (SR)  Disper. corr.   Coulomb (SR)   Coul. recip.
    7.74327e+03    9.29274e+04   -4.56641e+03   -6.35961e+05    2.86031e+03
 Position Rest.      Potential    Kinetic En.   Total Energy  Conserved En.
    4.90964e+02   -5.26884e+05    8.62793e+04   -4.40604e+05   -4.37244e+05
    Temperature Pres. DC (bar) Pressure (bar)   Constr. rmsd
    3.01842e+02   -2.26177e+02   -2.48400e+02    2.96897e-06

           Step           Time
           8500       17.00000

   Energies (kJ/mol)
           Bond          Angle    Proper Dih. Ryckaert-Bell.          LJ-14
    1.39923e+03    3.63128e+03    2.66086e+02    1.88012e+03    2.69589e+03
     Coulomb-14        LJ (SR)  Disper. corr.   Coulomb (SR)   Coul. recip.
    7.76438e+03    9.25494e+04   -4.55523e+03   -6.32836e+05    3.06351e+03
 Position Rest.      Potential    Kinetic En.   Total Energy  Conserved En.
    4.74017e+02   -5.23668e+05    8.58519e+04   -4.37816e+05   -4.37233e+05
    Temperature Pres. DC (bar) Pressure (bar)   Constr. rmsd
    3.00346e+02   -2.25072e+02   -4.90005e+01    2.85498e-06

           Step           Time
           9000       18.00000

   Energies (kJ/mol)
           Bond          Angle    Proper Dih. Ryckaert-Bell.          LJ-14
    1.38731e+03    3.78571e+03    2.61282e+02    1.83861e+03    2.63535e+03
     Coulomb-14        LJ (SR)  Disper. corr.   Coulomb (SR)   Coul. recip.
    7.70758e+03    9.30461e+04   -4.56526e+03   -6.34047e+05    2.99192e+03
 Position Rest.      Potential    Kinetic En.   Total Energy  Conserved En.
    5.10159e+02   -5.24448e+05    8.58970e+04   -4.38551e+05   -4.37216e+05
    Temperature Pres. DC (bar) Pressure (bar)   Constr. rmsd
    3.00504e+02   -2.26063e+02   -9.86430e+01    2.82396e-06

           Step           Time
           9500       19.00000

   Energies (kJ/mol)
           Bond          Angle    Proper Dih. Ryckaert-Bell.          LJ-14
    1.46234e+03    3.61327e+03    2.38610e+02    1.73871e+03    2.64180e+03
     Coulomb-14        LJ (SR)  Disper. corr.   Coulomb (SR)   Coul. recip.
    7.72794e+03    9.26778e+04   -4.57538e+03   -6.33384e+05    2.98423e+03
 Position Rest.      Potential    Kinetic En.   Total Energy  Conserved En.
    5.59881e+02   -5.24314e+05    8.56917e+04   -4.38623e+05   -4.37213e+05
    Temperature Pres. DC (bar) Pressure (bar)   Constr. rmsd
    2.99786e+02   -2.27065e+02   -4.92863e+01    3.03029e-06

           Step           Time
          10000       20.00000

   Energies (kJ/mol)
           Bond          Angle    Proper Dih. Ryckaert-Bell.          LJ-14
    1.41493e+03    3.70164e+03    2.45133e+02    1.78472e+03    2.67355e+03
     Coulomb-14        LJ (SR)  Disper. corr.   Coulomb (SR)   Coul. recip.
    7.83657e+03    9.25302e+04   -4.57644e+03   -6.33940e+05    2.94108e+03
 Position Rest.      Potential    Kinetic En.   Total Energy  Conserved En.
    4.53498e+02   -5.24936e+05    8.57702e+04   -4.39165e+05   -4.37198e+05
    Temperature Pres. DC (bar) Pressure (bar)   Constr. rmsd
    3.00061e+02   -2.27170e+02   -4.50706e+01    2.78121e-06

           Step           Time
          10500       21.00000

   Energies (kJ/mol)
           Bond          Angle    Proper Dih. Ryckaert-Bell.          LJ-14
    1.46602e+03    3.64093e+03    2.48084e+02    1.85041e+03    2.69766e+03
     Coulomb-14        LJ (SR)  Disper. corr.   Coulomb (SR)   Coul. recip.
    7.74697e+03    9.34406e+04   -4.56406e+03   -6.34600e+05    3.02191e+03
 Position Rest.      Potential    Kinetic En.   Total Energy  Conserved En.
    4.91537e+02   -5.24559e+05    8.50706e+04   -4.39489e+05   -4.37187e+05
    Temperature Pres. DC (bar) Pressure (bar)   Constr. rmsd
    2.97613e+02   -2.25945e+02   -1.03158e+01    2.73296e-06

           Step           Time
          11000       22.00000

   Energies (kJ/mol)
           Bond          Angle    Proper Dih. Ryckaert-Bell.          LJ-14
    1.41440e+03    3.66497e+03    2.56862e+02    1.77230e+03    2.75199e+03
     Coulomb-14        LJ (SR)  Disper. corr.   Coulomb (SR)   Coul. recip.
    7.87347e+03    9.36676e+04   -4.56957e+03   -6.34985e+05    2.94234e+03
 Position Rest.      Potential    Kinetic En.   Total Energy  Conserved En.
    4.74713e+02   -5.24736e+05    8.51659e+04   -4.39570e+05   -4.37200e+05
    Temperature Pres. DC (bar) Pressure (bar)   Constr. rmsd
    2.97947e+02   -2.26490e+02    1.48781e+02    3.32997e-06

           Step           Time
          11500       23.00000

   Energies (kJ/mol)
           Bond          Angle    Proper Dih. Ryckaert-Bell.          LJ-14
    1.45295e+03    3.73896e+03    2.24049e+02    1.82291e+03    2.59723e+03
     Coulomb-14        LJ (SR)  Disper. corr.   Coulomb (SR)   Coul. recip.
    7.77627e+03    9.28773e+04   -4.56853e+03   -6.34657e+05    2.93547e+03
 Position Rest.      Potential    Kinetic En.   Total Energy  Conserved En.
    4.91217e+02   -5.25310e+05    8.62302e+04   -4.39079e+05   -4.37197e+05
    Temperature Pres. DC (bar) Pressure (bar)   Constr. rmsd
    3.01670e+02   -2.26386e+02   -1.18751e+02    3.14001e-06

           Step           Time
          12000       24.00000

   Energies (kJ/mol)
           Bond          Angle    Proper Dih. Ryckaert-Bell.          LJ-14
    1.52246e+03    3.69727e+03    2.24295e+02    1.80615e+03    2.62297e+03
     Coulomb-14        LJ (SR)  Disper. corr.   Coulomb (SR)   Coul. recip.
    7.75407e+03    9.23288e+04   -4.54876e+03   -6.32939e+05    3.01302e+03
 Position Rest.      Potential    Kinetic En.   Total Energy  Conserved En.
    4.97788e+02   -5.24021e+05    8.59092e+04   -4.38111e+05   -4.37192e+05
    Temperature Pres. DC (bar) Pressure (bar)   Constr. rmsd
    3.00547e+02   -2.24434e+02   -2.25452e+02    2.49025e-06

           Step           Time
          12500       25.00000

   Energies (kJ/mol)
           Bond          Angle    Proper Dih. Ryckaert-Bell.          LJ-14
    1.37900e+03    3.74857e+03    2.63976e+02    1.77598e+03    2.64289e+03
     Coulomb-14        LJ (SR)  Disper. corr.   Coulomb (SR)   Coul. recip.
    7.75779e+03    9.34112e+04   -4.57400e+03   -6.35021e+05    2.91560e+03
 Position Rest.      Potential    Kinetic En.   Total Energy  Conserved En.
    4.45355e+02   -5.25255e+05    8.61399e+04   -4.39115e+05   -4.37207e+05
    Temperature Pres. DC (bar) Pressure (bar)   Constr. rmsd
    3.01354e+02   -2.26929e+02   -4.85311e+01    3.08456e-06

           Step           Time
          13000       26.00000

   Energies (kJ/mol)
           Bond          Angle    Proper Dih. Ryckaert-Bell.          LJ-14
    1.48388e+03    3.78444e+03    2.32577e+02    1.83260e+03    2.66740e+03
     Coulomb-14        LJ (SR)  Disper. corr.   Coulomb (SR)   Coul. recip.
    7.77567e+03    9.36555e+04   -4.56093e+03   -6.35066e+05    2.92081e+03
 Position Rest.      Potential    Kinetic En.   Total Energy  Conserved En.
    4.76628e+02   -5.24797e+05    8.51522e+04   -4.39645e+05   -4.37166e+05
    Temperature Pres. DC (bar) Pressure (bar)   Constr. rmsd
    2.97899e+02   -2.25635e+02   -4.21687e+01    2.75460e-06

           Step           Time
          13500       27.00000

   Energies (kJ/mol)
           Bond          Angle    Proper Dih. Ryckaert-Bell.          LJ-14
    1.43512e+03    3.61146e+03    2.53672e+02    1.80189e+03    2.64754e+03
     Coulomb-14        LJ (SR)  Disper. corr.   Coulomb (SR)   Coul. recip.
    7.82282e+03    9.39913e+04   -4.57112e+03   -6.34346e+05    2.94392e+03
 Position Rest.      Potential    Kinetic En.   Total Energy  Conserved En.
    4.96983e+02   -5.23912e+05    8.51131e+04   -4.38799e+05   -4.37199e+05
    Temperature Pres. DC (bar) Pressure (bar)   Constr. rmsd
    2.97762e+02   -2.26643e+02    5.71267e+01    2.48845e-06

           Step           Time
          14000       28.00000

   Energies (kJ/mol)
           Bond          Angle    Proper Dih. Ryckaert-Bell.          LJ-14
    1.51909e+03    3.50192e+03    2.54908e+02    1.84757e+03    2.58919e+03
     Coulomb-14        LJ (SR)  Disper. corr.   Coulomb (SR)   Coul. recip.
    7.72731e+03    9.24959e+04   -4.56972e+03   -6.34032e+05    2.96016e+03
 Position Rest.      Potential    Kinetic En.   Total Energy  Conserved En.
    4.40503e+02   -5.25265e+05    8.50867e+04   -4.40178e+05   -4.37193e+05
    Temperature Pres. DC (bar) Pressure (bar)   Constr. rmsd
    2.97669e+02   -2.26504e+02   -3.01533e+02    3.24721e-06

           Step           Time
          14500       29.00000

   Energies (kJ/mol)
           Bond          Angle    Proper Dih. Ryckaert-Bell.          LJ-14
    1.37486e+03    3.72883e+03    2.67218e+02    1.83622e+03    2.61795e+03
     Coulomb-14        LJ (SR)  Disper. corr.   Coulomb (SR)   Coul. recip.
    7.67970e+03    9.53302e+04   -4.57662e+03   -6.37268e+05    2.87088e+03
 Position Rest.      Potential    Kinetic En.   Total Energy  Conserved En.
    4.82030e+02   -5.25657e+05    8.54344e+04   -4.40222e+05   -4.37180e+05
    Temperature Pres. DC (bar) Pressure (bar)   Constr. rmsd
    2.98886e+02   -2.27188e+02    1.59347e+02    2.86726e-06

           Step           Time
          15000       30.00000

   Energies (kJ/mol)
           Bond          Angle    Proper Dih. Ryckaert-Bell.          LJ-14
    1.47016e+03    3.68084e+03    2.73973e+02    1.94572e+03    2.60253e+03
     Coulomb-14        LJ (SR)  Disper. corr.   Coulomb (SR)   Coul. recip.
    7.82278e+03    9.42589e+04   -4.57317e+03   -6.35953e+05    2.87853e+03
 Position Rest.      Potential    Kinetic En.   Total Energy  Conserved En.
    4.86193e+02   -5.25106e+05    8.61869e+04   -4.38919e+05   -4.37193e+05
    Temperature Pres. DC (bar) Pressure (bar)   Constr. rmsd
    3.01518e+02   -2.26847e+02   -2.16241e+01    3.33718e-06

           Step           Time
          15500       31.00000

   Energies (kJ/mol)
           Bond          Angle    Proper Dih. Ryckaert-Bell.          LJ-14
    1.42101e+03    3.80578e+03    2.61863e+02    1.84079e+03    2.67664e+03
     Coulomb-14        LJ (SR)  Disper. corr.   Coulomb (SR)   Coul. recip.
    7.74794e+03    9.38351e+04   -4.56622e+03   -6.33771e+05    2.98710e+03
 Position Rest.      Potential    Kinetic En.   Total Energy  Conserved En.
    4.44969e+02   -5.23316e+05    8.47046e+04   -4.38612e+05   -4.37160e+05
    Temperature Pres. DC (bar) Pressure (bar)   Constr. rmsd
    2.96333e+02   -2.26158e+02    1.81199e+02    3.01308e-06

           Step           Time
          16000       32.00000

   Energies (kJ/mol)
           Bond          Angle    Proper Dih. Ryckaert-Bell.          LJ-14
    1.42424e+03    3.83610e+03    2.34227e+02    1.77812e+03    2.65092e+03
     Coulomb-14        LJ (SR)  Disper. corr.   Coulomb (SR)   Coul. recip.
    7.71197e+03    9.20016e+04   -4.54284e+03   -6.32513e+05    2.94897e+03
 Position Rest.      Potential    Kinetic En.   Total Energy  Conserved En.
    4.59424e+02   -5.24010e+05    8.65947e+04   -4.37415e+05   -4.37191e+05
    Temperature Pres. DC (bar) Pressure (bar)   Constr. rmsd
    3.02945e+02   -2.23850e+02   -1.83795e+02    2.84903e-06

           Step           Time
          16500       33.00000

   Energies (kJ/mol)
           Bond          Angle    Proper Dih. Ryckaert-Bell.          LJ-14
    1.31522e+03    3.51826e+03    2.33108e+02    1.77606e+03    2.71108e+03
     Coulomb-14        LJ (SR)  Disper. corr.   Coulomb (SR)   Coul. recip.
    7.79722e+03    9.33257e+04   -4.56007e+03   -6.34538e+05    2.90453e+03
 Position Rest.      Potential    Kinetic En.   Total Energy  Conserved En.
    4.57663e+02   -5.25059e+05    8.50686e+04   -4.39991e+05   -4.37181e+05
    Temperature Pres. DC (bar) Pressure (bar)   Constr. rmsd
    2.97606e+02   -2.25550e+02    8.41111e+00    2.88601e-06

           Step           Time
          17000       34.00000

   Energies (kJ/mol)
           Bond          Angle    Proper Dih. Ryckaert-Bell.          LJ-14
    1.45355e+03    3.83144e+03    2.41869e+02    1.81411e+03    2.67966e+03
     Coulomb-14        LJ (SR)  Disper. corr.   Coulomb (SR)   Coul. recip.
    7.73172e+03    9.47884e+04   -4.54485e+03   -6.36478e+05    2.89784e+03
 Position Rest.      Potential    Kinetic En.   Total Energy  Conserved En.
    4.82618e+02   -5.25102e+05    8.52561e+04   -4.39846e+05   -4.37162e+05
    Temperature Pres. DC (bar) Pressure (bar)   Constr. rmsd
    2.98262e+02   -2.24048e+02    1.37874e+02    3.01192e-06

           Step           Time
          17500       35.00000

   Energies (kJ/mol)
           Bond          Angle    Proper Dih. Ryckaert-Bell.          LJ-14
    1.50451e+03    3.63885e+03    2.34722e+02    1.82641e+03    2.64674e+03
     Coulomb-14        LJ (SR)  Disper. corr.   Coulomb (SR)   Coul. recip.
    7.80461e+03    9.29667e+04   -4.55878e+03   -6.34704e+05    2.86888e+03
 Position Rest.      Potential    Kinetic En.   Total Energy  Conserved En.
    4.81178e+02   -5.25290e+05    8.52212e+04   -4.40069e+05   -4.37169e+05
    Temperature Pres. DC (bar) Pressure (bar)   Constr. rmsd
    2.98140e+02   -2.25422e+02   -2.41995e+02    2.73446e-06

           Step           Time
          18000       36.00000

   Energies (kJ/mol)
           Bond          Angle    Proper Dih. Ryckaert-Bell.          LJ-14
    1.54613e+03    3.69931e+03    2.52503e+02    1.87013e+03    2.56437e+03
     Coulomb-14        LJ (SR)  Disper. corr.   Coulomb (SR)   Coul. recip.
    7.80554e+03    9.23979e+04   -4.55263e+03   -6.32843e+05    2.95455e+03
 Position Rest.      Potential    Kinetic En.   Total Energy  Conserved En.
    4.98992e+02   -5.23806e+05    8.57029e+04   -4.38103e+05   -4.37152e+05
    Temperature Pres. DC (bar) Pressure (bar)   Constr. rmsd
    2.99825e+02   -2.24815e+02   -3.06718e+02    2.78698e-06

           Step           Time
          18500       37.00000

   Energies (kJ/mol)
           Bond          Angle    Proper Dih. Ryckaert-Bell.          LJ-14
    1.50947e+03    3.67584e+03    2.18340e+02    1.90176e+03    2.65641e+03
     Coulomb-14        LJ (SR)  Disper. corr.   Coulomb (SR)   Coul. recip.
    7.78003e+03    9.16852e+04   -4.55690e+03   -6.31806e+05    2.98730e+03
 Position Rest.      Potential    Kinetic En.   Total Energy  Conserved En.
    4.87737e+02   -5.23461e+05    8.46112e+04   -4.38850e+05   -4.37154e+05
    Temperature Pres. DC (bar) Pressure (bar)   Constr. rmsd
    2.96006e+02   -2.25237e+02   -3.78960e+02    2.70456e-06

           Step           Time
          19000       38.00000

   Energies (kJ/mol)
           Bond          Angle    Proper Dih. Ryckaert-Bell.          LJ-14
    1.52457e+03    3.63592e+03    2.34106e+02    1.82217e+03    2.69600e+03
     Coulomb-14        LJ (SR)  Disper. corr.   Coulomb (SR)   Coul. recip.
    7.67438e+03    9.27422e+04   -4.55266e+03   -6.33427e+05    2.91797e+03
 Position Rest.      Potential    Kinetic En.   Total Energy  Conserved En.
    4.71772e+02   -5.24260e+05    8.57869e+04   -4.38474e+05   -4.37173e+05
    Temperature Pres. DC (bar) Pressure (bar)   Constr. rmsd
    3.00119e+02   -2.24818e+02   -5.98885e+01    2.82567e-06

           Step           Time
          19500       39.00000

   Energies (kJ/mol)
           Bond          Angle    Proper Dih. Ryckaert-Bell.          LJ-14
    1.43603e+03    3.80875e+03    2.62359e+02    1.74848e+03    2.71790e+03
     Coulomb-14        LJ (SR)  Disper. corr.   Coulomb (SR)   Coul. recip.
    7.68215e+03    9.36000e+04   -4.56303e+03   -6.35500e+05    2.95805e+03
 Position Rest.      Potential    Kinetic En.   Total Energy  Conserved En.
    5.13021e+02   -5.25336e+05    8.65500e+04   -4.38786e+05   -4.37160e+05
    Temperature Pres. DC (bar) Pressure (bar)   Constr. rmsd
    3.02789e+02   -2.25842e+02    2.14185e+02    2.85394e-06

           Step           Time
          20000       40.00000

   Energies (kJ/mol)
           Bond          Angle    Proper Dih. Ryckaert-Bell.          LJ-14
    1.38457e+03    3.83442e+03    2.65910e+02    1.84764e+03    2.63286e+03
     Coulomb-14        LJ (SR)  Disper. corr.   Coulomb (SR)   Coul. recip.
    7.71272e+03    9.44973e+04   -4.57561e+03   -6.34942e+05    2.95283e+03
 Position Rest.      Potential    Kinetic En.   Total Energy  Conserved En.
    4.32655e+02   -5.23957e+05    8.58027e+04   -4.38154e+05   -4.37149e+05
    Temperature Pres. DC (bar) Pressure (bar)   Constr. rmsd
    3.00174e+02   -2.27088e+02    1.77602e+02    2.90482e-06

           Step           Time
          20500       41.00000

   Energies (kJ/mol)
           Bond          Angle    Proper Dih. Ryckaert-Bell.          LJ-14
    1.41738e+03    3.75696e+03    2.75222e+02    1.85864e+03    2.65848e+03
     Coulomb-14        LJ (SR)  Disper. corr.   Coulomb (SR)   Coul. recip.
    7.73784e+03    9.45640e+04   -4.55227e+03   -6.35305e+05    2.86202e+03
 Position Rest.      Potential    Kinetic En.   Total Energy  Conserved En.
    4.99522e+02   -5.24227e+05    8.51782e+04   -4.39049e+05   -4.37162e+05
    Temperature Pres. DC (bar) Pressure (bar)   Constr. rmsd
    2.97990e+02   -2.24780e+02    2.40196e+02    2.71991e-06

           Step           Time
          21000       42.00000

   Energies (kJ/mol)
           Bond          Angle    Proper Dih. Ryckaert-Bell.          LJ-14
    1.47845e+03    3.76057e+03    2.74621e+02    1.78073e+03    2.66463e+03
     Coulomb-14        LJ (SR)  Disper. corr.   Coulomb (SR)   Coul. recip.
    7.68536e+03    9.31597e+04   -4.55629e+03   -6.34511e+05    2.91348e+03
 Position Rest.      Potential    Kinetic En.   Total Energy  Conserved En.
    4.28212e+02   -5.24921e+05    8.52693e+04   -4.39652e+05   -4.37153e+05
    Temperature Pres. DC (bar) Pressure (bar)   Constr. rmsd
    2.98308e+02   -2.25177e+02   -4.37007e+01    2.83948e-06

           Step           Time
          21500       43.00000

   Energies (kJ/mol)
           Bond          Angle    Proper Dih. Ryckaert-Bell.          LJ-14
    1.51827e+03    3.90611e+03    2.48833e+02    1.84746e+03    2.67190e+03
     Coulomb-14        LJ (SR)  Disper. corr.   Coulomb (SR)   Coul. recip.
    7.79176e+03    9.39938e+04   -4.55535e+03   -6.34934e+05    2.98218e+03
 Position Rest.      Potential    Kinetic En.   Total Energy  Conserved En.
    4.52459e+02   -5.24076e+05    8.58251e+04   -4.38251e+05   -4.37142e+05
    Temperature Pres. DC (bar) Pressure (bar)   Constr. rmsd
    3.00253e+02   -2.25084e+02   -2.97855e+00    3.05337e-06

           Step           Time
          22000       44.00000

   Energies (kJ/mol)
           Bond          Angle    Proper Dih. Ryckaert-Bell.          LJ-14
    1.50817e+03    3.68889e+03    2.48229e+02    1.78766e+03    2.66345e+03
     Coulomb-14        LJ (SR)  Disper. corr.   Coulomb (SR)   Coul. recip.
    7.78765e+03    9.35583e+04   -4.55107e+03   -6.35452e+05    2.92278e+03
 Position Rest.      Potential    Kinetic En.   Total Energy  Conserved En.
    4.53798e+02   -5.25384e+05    8.66301e+04   -4.38754e+05   -4.37159e+05
    Temperature Pres. DC (bar) Pressure (bar)   Constr. rmsd
    3.03069e+02   -2.24662e+02   -1.39839e+02    2.78677e-06

           Step           Time
          22500       45.00000

   Energies (kJ/mol)
           Bond          Angle    Proper Dih. Ryckaert-Bell.          LJ-14
    1.50518e+03    3.62736e+03    2.69251e+02    1.80417e+03    2.62032e+03
     Coulomb-14        LJ (SR)  Disper. corr.   Coulomb (SR)   Coul. recip.
    7.76054e+03    9.35109e+04   -4.55924e+03   -6.34900e+05    2.90452e+03
 Position Rest.      Potential    Kinetic En.   Total Energy  Conserved En.
    4.62206e+02   -5.24995e+05    8.56894e+04   -4.39306e+05   -4.37159e+05
    Temperature Pres. DC (bar) Pressure (bar)   Constr. rmsd
    2.99778e+02   -2.25468e+02   -6.79214e+01    2.87623e-06

           Step           Time
          23000       46.00000

   Energies (kJ/mol)
           Bond          Angle    Proper Dih. Ryckaert-Bell.          LJ-14
    1.50095e+03    3.85111e+03    2.60853e+02    1.89087e+03    2.72594e+03
     Coulomb-14        LJ (SR)  Disper. corr.   Coulomb (SR)   Coul. recip.
    7.80704e+03    9.27917e+04   -4.55897e+03   -6.32984e+05    2.92478e+03
 Position Rest.      Potential    Kinetic En.   Total Energy  Conserved En.
    4.75614e+02   -5.23314e+05    8.62509e+04   -4.37063e+05   -4.37134e+05
    Temperature Pres. DC (bar) Pressure (bar)   Constr. rmsd
    3.01742e+02   -2.25441e+02   -1.09890e+02    2.92055e-06

           Step           Time
          23500       47.00000

   Energies (kJ/mol)
           Bond          Angle    Proper Dih. Ryckaert-Bell.          LJ-14
    1.50431e+03    3.65440e+03    2.26503e+02    1.78681e+03    2.69878e+03
     Coulomb-14        LJ (SR)  Disper. corr.   Coulomb (SR)   Coul. recip.
    7.75548e+03    9.37142e+04   -4.56496e+03   -6.35306e+05    2.89256e+03
 Position Rest.      Potential    Kinetic En.   Total Energy  Conserved En.
    4.84244e+02   -5.25154e+05    8.61245e+04   -4.39029e+05   -4.37145e+05
    Temperature Pres. DC (bar) Pressure (bar)   Constr. rmsd
    3.01300e+02   -2.26034e+02    6.66688e+01    3.14215e-06

           Step           Time
          24000       48.00000

   Energies (kJ/mol)
           Bond          Angle    Proper Dih. Ryckaert-Bell.          LJ-14
    1.46097e+03    3.75447e+03    2.47496e+02    1.83083e+03    2.70493e+03
     Coulomb-14        LJ (SR)  Disper. corr.   Coulomb (SR)   Coul. recip.
    7.78842e+03    9.28762e+04   -4.54196e+03   -6.33826e+05    3.01645e+03
 Position Rest.      Potential    Kinetic En.   Total Energy  Conserved En.
    4.98426e+02   -5.24190e+05    8.62821e+04   -4.37908e+05   -4.37143e+05
    Temperature Pres. DC (bar) Pressure (bar)   Constr. rmsd
    3.01852e+02   -2.23764e+02   -1.05692e+02    3.13012e-06

           Step           Time
          24500       49.00000

   Energies (kJ/mol)
           Bond          Angle    Proper Dih. Ryckaert-Bell.          LJ-14
    1.55793e+03    3.68635e+03    2.24406e+02    1.84857e+03    2.70230e+03
     Coulomb-14        LJ (SR)  Disper. corr.   Coulomb (SR)   Coul. recip.
    7.83919e+03    9.31930e+04   -4.56216e+03   -6.33589e+05    2.93978e+03
 Position Rest.      Potential    Kinetic En.   Total Energy  Conserved En.
    4.91324e+02   -5.23668e+05    8.56299e+04   -4.38038e+05   -4.37126e+05
    Temperature Pres. DC (bar) Pressure (bar)   Constr. rmsd
    2.99570e+02   -2.25756e+02   -4.56025e+01    2.52114e-06

           Step           Time
          25000       50.00000

   Energies (kJ/mol)
           Bond          Angle    Proper Dih. Ryckaert-Bell.          LJ-14
    1.52555e+03    3.79319e+03    2.41043e+02    1.94618e+03    2.67821e+03
     Coulomb-14        LJ (SR)  Disper. corr.   Coulomb (SR)   Coul. recip.
    7.69247e+03    9.49675e+04   -4.57103e+03   -6.36230e+05    2.89625e+03
 Position Rest.      Potential    Kinetic En.   Total Energy  Conserved En.
    4.40821e+02   -5.24619e+05    8.58785e+04   -4.38741e+05   -4.37089e+05
    Temperature Pres. DC (bar) Pressure (bar)   Constr. rmsd
    3.00440e+02   -2.26634e+02    2.62647e+02    2.64900e-06

           Step           Time
          25500       51.00000

   Energies (kJ/mol)
           Bond          Angle    Proper Dih. Ryckaert-Bell.          LJ-14
    1.44520e+03    3.63334e+03    2.61590e+02    1.87161e+03    2.70125e+03
     Coulomb-14        LJ (SR)  Disper. corr.   Coulomb (SR)   Coul. recip.
    7.80258e+03    9.46582e+04   -4.56125e+03   -6.36725e+05    2.99405e+03
 Position Rest.      Potential    Kinetic En.   Total Energy  Conserved En.
    5.02504e+02   -5.25416e+05    8.56902e+04   -4.39725e+05   -4.37126e+05
    Temperature Pres. DC (bar) Pressure (bar)   Constr. rmsd
    2.99781e+02   -2.25666e+02    1.76835e+02    3.00269e-06

           Step           Time
          26000       52.00000

   Energies (kJ/mol)
           Bond          Angle    Proper Dih. Ryckaert-Bell.          LJ-14
    1.43184e+03    3.48067e+03    2.64511e+02    1.83869e+03    2.72581e+03
     Coulomb-14        LJ (SR)  Disper. corr.   Coulomb (SR)   Coul. recip.
    7.74144e+03    9.24578e+04   -4.55304e+03   -6.33963e+05    2.91235e+03
 Position Rest.      Potential    Kinetic En.   Total Energy  Conserved En.
    4.81239e+02   -5.25182e+05    8.53735e+04   -4.39808e+05   -4.37142e+05
    Temperature Pres. DC (bar) Pressure (bar)   Constr. rmsd
    2.98673e+02   -2.24856e+02   -1.02853e+02    2.90609e-06

           Step           Time
          26500       53.00000

   Energies (kJ/mol)
           Bond          Angle    Proper Dih. Ryckaert-Bell.          LJ-14
    1.40594e+03    3.84943e+03    2.43698e+02    1.87806e+03    2.68508e+03
     Coulomb-14        LJ (SR)  Disper. corr.   Coulomb (SR)   Coul. recip.
    7.75067e+03    9.39069e+04   -4.55389e+03   -6.35391e+05    2.89173e+03
 Position Rest.      Potential    Kinetic En.   Total Energy  Conserved En.
    5.13302e+02   -5.24820e+05    8.63850e+04   -4.38436e+05   -4.37136e+05
    Temperature Pres. DC (bar) Pressure (bar)   Constr. rmsd
    3.02211e+02   -2.24940e+02    9.37917e+01    2.93342e-06

           Step           Time
          27000       54.00000

   Energies (kJ/mol)
           Bond          Angle    Proper Dih. Ryckaert-Bell.          LJ-14
    1.48189e+03    3.77410e+03    2.38501e+02    1.89293e+03    2.56580e+03
     Coulomb-14        LJ (SR)  Disper. corr.   Coulomb (SR)   Coul. recip.
    7.66667e+03    9.20689e+04   -4.56394e+03   -6.32612e+05    2.82907e+03
 Position Rest.      Potential    Kinetic En.   Total Energy  Conserved En.
    5.10864e+02   -5.24148e+05    8.57365e+04   -4.38411e+05   -4.37128e+05
    Temperature Pres. DC (bar) Pressure (bar)   Constr. rmsd
    2.99943e+02   -2.25933e+02   -2.32816e+02    2.68898e-06

           Step           Time
          27500       55.00000

   Energies (kJ/mol)
           Bond          Angle    Proper Dih. Ryckaert-Bell.          LJ-14
    1.57780e+03    3.60980e+03    2.41484e+02    1.85238e+03    2.68147e+03
     Coulomb-14        LJ (SR)  Disper. corr.   Coulomb (SR)   Coul. recip.
    7.80057e+03    9.30855e+04   -4.56234e+03   -6.33701e+05    2.84002e+03
 Position Rest.      Potential    Kinetic En.   Total Energy  Conserved En.
    4.78410e+02   -5.24096e+05    8.57004e+04   -4.38396e+05   -4.37117e+05
    Temperature Pres. DC (bar) Pressure (bar)   Constr. rmsd
    2.99816e+02   -2.25774e+02   -6.52274e+01    2.74316e-06

           Step           Time
          28000       56.00000

   Energies (kJ/mol)
           Bond          Angle    Proper Dih. Ryckaert-Bell.          LJ-14
    1.63587e+03    3.90245e+03    2.95425e+02    1.83271e+03    2.62127e+03
     Coulomb-14        LJ (SR)  Disper. corr.   Coulomb (SR)   Coul. recip.
    7.80530e+03    9.40704e+04   -4.56755e+03   -6.34759e+05    3.00273e+03
 Position Rest.      Potential    Kinetic En.   Total Energy  Conserved En.
    5.11123e+02   -5.23650e+05    8.70295e+04   -4.36620e+05   -4.37098e+05
    Temperature Pres. DC (bar) Pressure (bar)   Constr. rmsd
    3.04466e+02   -2.26290e+02    7.88914e+01    3.58727e-06

           Step           Time
          28500       57.00000

   Energies (kJ/mol)
           Bond          Angle    Proper Dih. Ryckaert-Bell.          LJ-14
    1.46112e+03    3.71534e+03    2.82746e+02    1.82603e+03    2.70545e+03
     Coulomb-14        LJ (SR)  Disper. corr.   Coulomb (SR)   Coul. recip.
    7.72847e+03    9.29041e+04   -4.56202e+03   -6.33926e+05    2.99423e+03
 Position Rest.      Potential    Kinetic En.   Total Energy  Conserved En.
    4.66730e+02   -5.24404e+05    8.66018e+04   -4.37802e+05   -4.37117e+05
    Temperature Pres. DC (bar) Pressure (bar)   Constr. rmsd
    3.02970e+02   -2.25743e+02   -6.03814e+01    3.02405e-06

           Step           Time
          29000       58.00000

   Energies (kJ/mol)
           Bond          Angle    Proper Dih. Ryckaert-Bell.          LJ-14
    1.49606e+03    3.67206e+03    2.22122e+02    1.78596e+03    2.68146e+03
     Coulomb-14        LJ (SR)  Disper. corr.   Coulomb (SR)   Coul. recip.
    7.62252e+03    9.40796e+04   -4.54662e+03   -6.34968e+05    2.98338e+03
 Position Rest.      Potential    Kinetic En.   Total Energy  Conserved En.
    4.72977e+02   -5.24498e+05    8.69285e+04   -4.37570e+05   -4.37131e+05
    Temperature Pres. DC (bar) Pressure (bar)   Constr. rmsd
    3.04113e+02   -2.24223e+02    1.61279e+01    2.79563e-06

           Step           Time
          29500       59.00000

   Energies (kJ/mol)
           Bond          Angle    Proper Dih. Ryckaert-Bell.          LJ-14
    1.51594e+03    3.60103e+03    2.64677e+02    1.90532e+03    2.69363e+03
     Coulomb-14        LJ (SR)  Disper. corr.   Coulomb (SR)   Coul. recip.
    7.75899e+03    9.45850e+04   -4.57388e+03   -6.36184e+05    2.92723e+03
 Position Rest.      Potential    Kinetic En.   Total Energy  Conserved En.
    4.84040e+02   -5.25022e+05    8.63242e+04   -4.38698e+05   -4.37110e+05
    Temperature Pres. DC (bar) Pressure (bar)   Constr. rmsd
    3.01999e+02   -2.26917e+02    8.91378e+01    2.85731e-06

           Step           Time
          30000       60.00000

   Energies (kJ/mol)
           Bond          Angle    Proper Dih. Ryckaert-Bell.          LJ-14
    1.50353e+03    3.84902e+03    2.15774e+02    1.77708e+03    2.69942e+03
     Coulomb-14        LJ (SR)  Disper. corr.   Coulomb (SR)   Coul. recip.
    7.70216e+03    9.21871e+04   -4.54768e+03   -6.32787e+05    2.88063e+03
 Position Rest.      Potential    Kinetic En.   Total Energy  Conserved En.
    4.82203e+02   -5.24038e+05    8.62075e+04   -4.37830e+05   -4.37095e+05
    Temperature Pres. DC (bar) Pressure (bar)   Constr. rmsd
    3.01591e+02   -2.24327e+02   -2.65948e+02    2.75411e-06

           Step           Time
          30500       61.00000

   Energies (kJ/mol)
           Bond          Angle    Proper Dih. Ryckaert-Bell.          LJ-14
    1.39571e+03    3.68225e+03    2.23912e+02    1.85458e+03    2.70056e+03
     Coulomb-14        LJ (SR)  Disper. corr.   Coulomb (SR)   Coul. recip.
    7.74356e+03    9.28976e+04   -4.55872e+03   -6.34075e+05    2.98895e+03
 Position Rest.      Potential    Kinetic En.   Total Energy  Conserved En.
    4.90295e+02   -5.24656e+05    8.53987e+04   -4.39257e+05   -4.37107e+05
    Temperature Pres. DC (bar) Pressure (bar)   Constr. rmsd
    2.98761e+02   -2.25416e+02   -1.75482e+02    2.69495e-06

           Step           Time
          31000       62.00000

   Energies (kJ/mol)
           Bond          Angle    Proper Dih. Ryckaert-Bell.          LJ-14
    1.51283e+03    3.85774e+03    2.37541e+02    1.87761e+03    2.62018e+03
     Coulomb-14        LJ (SR)  Disper. corr.   Coulomb (SR)   Coul. recip.
    7.74225e+03    9.39465e+04   -4.56851e+03   -6.34853e+05    2.87160e+03
 Position Rest.      Potential    Kinetic En.   Total Energy  Conserved En.
    5.16139e+02   -5.24240e+05    8.56996e+04   -4.38540e+05   -4.37092e+05
    Temperature Pres. DC (bar) Pressure (bar)   Constr. rmsd
    2.99814e+02   -2.26385e+02   -2.33698e+01    3.01292e-06

           Step           Time
          31500       63.00000

   Energies (kJ/mol)
           Bond          Angle    Proper Dih. Ryckaert-Bell.          LJ-14
    1.41537e+03    3.68045e+03    2.52035e+02    1.81414e+03    2.77905e+03
     Coulomb-14        LJ (SR)  Disper. corr.   Coulomb (SR)   Coul. recip.
    7.76716e+03    9.34948e+04   -4.56223e+03   -6.33971e+05    3.03526e+03
 Position Rest.      Potential    Kinetic En.   Total Energy  Conserved En.
    4.88112e+02   -5.23807e+05    8.64479e+04   -4.37359e+05   -4.37120e+05
    Temperature Pres. DC (bar) Pressure (bar)   Constr. rmsd
    3.02432e+02   -2.25763e+02    1.85902e+02    3.00320e-06

           Step           Time
          32000       64.00000

   Energies (kJ/mol)
           Bond          Angle    Proper Dih. Ryckaert-Bell.          LJ-14
    1.35359e+03    3.68126e+03    2.31150e+02    1.84759e+03    2.68200e+03
     Coulomb-14        LJ (SR)  Disper. corr.   Coulomb (SR)   Coul. recip.
    7.75245e+03    9.30993e+04   -4.56868e+03   -6.33029e+05    3.01752e+03
 Position Rest.      Potential    Kinetic En.   Total Energy  Conserved En.
    5.28830e+02   -5.23404e+05    8.45583e+04   -4.38846e+05   -4.37097e+05
    Temperature Pres. DC (bar) Pressure (bar)   Constr. rmsd
    2.95821e+02   -2.26402e+02   -4.78418e+01    2.69029e-06

           Step           Time
          32500       65.00000

   Energies (kJ/mol)
           Bond          Angle    Proper Dih. Ryckaert-Bell.          LJ-14
    1.50648e+03    3.81307e+03    2.40909e+02    1.82846e+03    2.60613e+03
     Coulomb-14        LJ (SR)  Disper. corr.   Coulomb (SR)   Coul. recip.
    7.72605e+03    9.34514e+04   -4.56008e+03   -6.33365e+05    2.99615e+03
 Position Rest.      Potential    Kinetic En.   Total Energy  Conserved En.
    5.32295e+02   -5.23224e+05    8.49561e+04   -4.38268e+05   -4.37065e+05
    Temperature Pres. DC (bar) Pressure (bar)   Constr. rmsd
    2.97212e+02   -2.25551e+02   -1.00281e+02    2.89608e-06

           Step           Time
          33000       66.00000

   Energies (kJ/mol)
           Bond          Angle    Proper Dih. Ryckaert-Bell.          LJ-14
    1.40011e+03    3.85899e+03    2.77952e+02    1.95159e+03    2.70171e+03
     Coulomb-14        LJ (SR)  Disper. corr.   Coulomb (SR)   Coul. recip.
    7.73743e+03    9.31083e+04   -4.57387e+03   -6.33626e+05    3.00347e+03
 Position Rest.      Potential    Kinetic En.   Total Energy  Conserved En.
    4.81719e+02   -5.23678e+05    8.55245e+04   -4.38154e+05   -4.37079e+05
    Temperature Pres. DC (bar) Pressure (bar)   Constr. rmsd
    2.99201e+02   -2.26915e+02    1.79537e+02    2.64243e-06

           Step           Time
          33500       67.00000

   Energies (kJ/mol)
           Bond          Angle    Proper Dih. Ryckaert-Bell.          LJ-14
    1.55010e+03    3.81210e+03    2.60688e+02    1.83050e+03    2.65937e+03
     Coulomb-14        LJ (SR)  Disper. corr.   Coulomb (SR)   Coul. recip.
    7.82559e+03    9.33447e+04   -4.56917e+03   -6.32736e+05    2.97087e+03
 Position Rest.      Potential    Kinetic En.   Total Energy  Conserved En.
    5.51421e+02   -5.22500e+05    8.63594e+04   -4.36140e+05   -4.37082e+05
    Temperature Pres. DC (bar) Pressure (bar)   Constr. rmsd
    3.02122e+02   -2.26450e+02    1.67578e+00    2.87925e-06

           Step           Time
          34000       68.00000

   Energies (kJ/mol)
           Bond          Angle    Proper Dih. Ryckaert-Bell.          LJ-14
    1.44162e+03    3.76039e+03    2.36446e+02    1.79738e+03    2.64163e+03
     Coulomb-14        LJ (SR)  Disper. corr.   Coulomb (SR)   Coul. recip.
    7.84577e+03    9.28936e+04   -4.57621e+03   -6.35109e+05    2.98115e+03
 Position Rest.      Potential    Kinetic En.   Total Energy  Conserved En.
    5.35154e+02   -5.25552e+05    8.61300e+04   -4.39422e+05   -4.37088e+05
    Temperature Pres. DC (bar) Pressure (bar)   Constr. rmsd
    3.01319e+02   -2.27147e+02   -1.68969e+02    2.55374e-06

           Step           Time
          34500       69.00000

   Energies (kJ/mol)
           Bond          Angle    Proper Dih. Ryckaert-Bell.          LJ-14
    1.44007e+03    3.80927e+03    2.61703e+02    1.85166e+03    2.71333e+03
     Coulomb-14        LJ (SR)  Disper. corr.   Coulomb (SR)   Coul. recip.
    7.78790e+03    9.38188e+04   -4.55512e+03   -6.35273e+05    2.91462e+03
 Position Rest.      Potential    Kinetic En.   Total Energy  Conserved En.
    4.13624e+02   -5.24817e+05    8.58511e+04   -4.38966e+05   -4.37085e+05
    Temperature Pres. DC (bar) Pressure (bar)   Constr. rmsd
    3.00344e+02   -2.25061e+02    3.73733e+01    3.16110e-06

           Step           Time
          35000       70.00000

   Energies (kJ/mol)
           Bond          Angle    Proper Dih. Ryckaert-Bell.          LJ-14
    1.49668e+03    3.77968e+03    2.44721e+02    1.81945e+03    2.62417e+03
     Coulomb-14        LJ (SR)  Disper. corr.   Coulomb (SR)   Coul. recip.
    7.78833e+03    9.23737e+04   -4.56761e+03   -6.33556e+05    2.86799e+03
 Position Rest.      Potential    Kinetic En.   Total Energy  Conserved En.
    4.93566e+02   -5.24636e+05    8.63377e+04   -4.38298e+05   -4.37096e+05
    Temperature Pres. DC (bar) Pressure (bar)   Constr. rmsd
    3.02046e+02   -2.26296e+02   -2.94062e+02    2.88779e-06

           Step           Time
          35500       71.00000

   Energies (kJ/mol)
           Bond          Angle    Proper Dih. Ryckaert-Bell.          LJ-14
    1.46658e+03    3.65871e+03    2.33006e+02    1.82267e+03    2.66625e+03
     Coulomb-14        LJ (SR)  Disper. corr.   Coulomb (SR)   Coul. recip.
    7.74693e+03    9.27544e+04   -4.56719e+03   -6.33982e+05    3.13323e+03
 Position Rest.      Potential    Kinetic En.   Total Energy  Conserved En.
    4.96510e+02   -5.24571e+05    8.56958e+04   -4.38875e+05   -4.37091e+05
    Temperature Pres. DC (bar) Pressure (bar)   Constr. rmsd
    2.99800e+02   -2.26254e+02   -5.99359e+01    2.96613e-06

           Step           Time
          36000       72.00000

   Energies (kJ/mol)
           Bond          Angle    Proper Dih. Ryckaert-Bell.          LJ-14
    1.40889e+03    3.75544e+03    2.32626e+02    1.79706e+03    2.70071e+03
     Coulomb-14        LJ (SR)  Disper. corr.   Coulomb (SR)   Coul. recip.
    7.73699e+03    9.21433e+04   -4.55509e+03   -6.33464e+05    2.91910e+03
 Position Rest.      Potential    Kinetic En.   Total Energy  Conserved En.
    4.96009e+02   -5.24828e+05    8.55360e+04   -4.39292e+05   -4.37079e+05
    Temperature Pres. DC (bar) Pressure (bar)   Constr. rmsd
    2.99241e+02   -2.25058e+02   -2.02111e+02    3.11827e-06

           Step           Time
          36500       73.00000

   Energies (kJ/mol)
           Bond          Angle    Proper Dih. Ryckaert-Bell.          LJ-14
    1.49170e+03    3.64262e+03    2.51149e+02    1.87269e+03    2.65675e+03
     Coulomb-14        LJ (SR)  Disper. corr.   Coulomb (SR)   Coul. recip.
    7.67873e+03    9.24768e+04   -4.56683e+03   -6.33391e+05    2.89801e+03
 Position Rest.      Potential    Kinetic En.   Total Energy  Conserved En.
    4.77174e+02   -5.24512e+05    8.49856e+04   -4.39527e+05   -4.37075e+05
    Temperature Pres. DC (bar) Pressure (bar)   Constr. rmsd
    2.97316e+02   -2.26218e+02   -2.02053e+02    2.96127e-06

           Step           Time
          37000       74.00000

   Energies (kJ/mol)
           Bond          Angle    Proper Dih. Ryckaert-Bell.          LJ-14
    1.44967e+03    3.87731e+03    2.25143e+02    1.72563e+03    2.66049e+03
     Coulomb-14        LJ (SR)  Disper. corr.   Coulomb (SR)   Coul. recip.
    7.67483e+03    9.40209e+04   -4.57596e+03   -6.34933e+05    2.91826e+03
 Position Rest.      Potential    Kinetic En.   Total Energy  Conserved En.
    4.99124e+02   -5.24458e+05    8.57675e+04   -4.38690e+05   -4.37063e+05
    Temperature Pres. DC (bar) Pressure (bar)   Constr. rmsd
    3.00051e+02   -2.27123e+02    1.60228e+02    3.04576e-06

           Step           Time
          37500       75.00000

   Energies (kJ/mol)
           Bond          Angle    Proper Dih. Ryckaert-Bell.          LJ-14
    1.42603e+03    3.87588e+03    2.80880e+02    1.98129e+03    2.67952e+03
     Coulomb-14        LJ (SR)  Disper. corr.   Coulomb (SR)   Coul. recip.
    7.78788e+03    9.30314e+04   -4.56231e+03   -6.34213e+05    2.95881e+03
 Position Rest.      Potential    Kinetic En.   Total Energy  Conserved En.
    5.12849e+02   -5.24241e+05    8.61749e+04   -4.38066e+05   -4.37076e+05
    Temperature Pres. DC (bar) Pressure (bar)   Constr. rmsd
    3.01477e+02   -2.25771e+02   -1.02715e+02    2.95564e-06

           Step           Time
          38000       76.00000

   Energies (kJ/mol)
           Bond          Angle    Proper Dih. Ryckaert-Bell.          LJ-14
    1.45519e+03    3.68002e+03    2.45180e+02    1.72667e+03    2.68807e+03
     Coulomb-14        LJ (SR)  Disper. corr.   Coulomb (SR)   Coul. recip.
    7.65916e+03    9.33547e+04   -4.56016e+03   -6.34670e+05    2.89350e+03
 Position Rest.      Potential    Kinetic En.   Total Energy  Conserved En.
    4.72203e+02   -5.25056e+05    8.58503e+04   -4.39205e+05   -4.37090e+05
    Temperature Pres. DC (bar) Pressure (bar)   Constr. rmsd
    3.00341e+02   -2.25558e+02   -4.07052e+00    2.90305e-06

           Step           Time
          38500       77.00000

   Energies (kJ/mol)
           Bond          Angle    Proper Dih. Ryckaert-Bell.          LJ-14
    1.44729e+03    3.85775e+03    2.52766e+02    1.90029e+03    2.61783e+03
     Coulomb-14        LJ (SR)  Disper. corr.   Coulomb (SR)   Coul. recip.
    7.74937e+03    9.28810e+04   -4.53141e+03   -6.33373e+05    2.94798e+03
 Position Rest.      Potential    Kinetic En.   Total Energy  Conserved En.
    5.05292e+02   -5.23745e+05    8.52069e+04   -4.38538e+05   -4.37070e+05
    Temperature Pres. DC (bar) Pressure (bar)   Constr. rmsd
    2.98090e+02   -2.22727e+02   -1.79616e+02    2.97391e-06

           Step           Time
          39000       78.00000

   Energies (kJ/mol)
           Bond          Angle    Proper Dih. Ryckaert-Bell.          LJ-14
    1.44232e+03    3.68602e+03    2.62412e+02    1.79653e+03    2.67794e+03
     Coulomb-14        LJ (SR)  Disper. corr.   Coulomb (SR)   Coul. recip.
    7.71527e+03    9.23541e+04   -4.56192e+03   -6.33899e+05    3.01995e+03
 Position Rest.      Potential    Kinetic En.   Total Energy  Conserved En.
    5.05991e+02   -5.25000e+05    8.61851e+04   -4.38815e+05   -4.37088e+05
    Temperature Pres. DC (bar) Pressure (bar)   Constr. rmsd
    3.01512e+02   -2.25732e+02   -2.05550e+02    2.71547e-06

           Step           Time
          39500       79.00000

   Energies (kJ/mol)
           Bond          Angle    Proper Dih. Ryckaert-Bell.          LJ-14
    1.49805e+03    3.76791e+03    2.88294e+02    1.85042e+03    2.64734e+03
     Coulomb-14        LJ (SR)  Disper. corr.   Coulomb (SR)   Coul. recip.
    7.76517e+03    9.40384e+04   -4.56683e+03   -6.35477e+05    2.89472e+03
 Position Rest.      Potential    Kinetic En.   Total Energy  Conserved En.
    4.98622e+02   -5.24795e+05    8.64979e+04   -4.38297e+05   -4.37082e+05
    Temperature Pres. DC (bar) Pressure (bar)   Constr. rmsd
    3.02606e+02   -2.26219e+02    6.61240e+00    2.90069e-06

           Step           Time
          40000       80.00000

   Energies (kJ/mol)
           Bond          Angle    Proper Dih. Ryckaert-Bell.          LJ-14
    1.50211e+03    3.68390e+03    2.88037e+02    1.85706e+03    2.67680e+03
     Coulomb-14        LJ (SR)  Disper. corr.   Coulomb (SR)   Coul. recip.
    7.72068e+03    9.28263e+04   -4.55914e+03   -6.33537e+05    2.93333e+03
 Position Rest.      Potential    Kinetic En.   Total Energy  Conserved En.
    5.05490e+02   -5.24102e+05    8.57638e+04   -4.38338e+05   -4.37060e+05
    Temperature Pres. DC (bar) Pressure (bar)   Constr. rmsd
    3.00038e+02   -2.25459e+02   -1.24013e+02    2.97556e-06

           Step           Time
          40500       81.00000

   Energies (kJ/mol)
           Bond          Angle    Proper Dih. Ryckaert-Bell.          LJ-14
    1.44205e+03    3.76587e+03    2.32967e+02    1.87079e+03    2.70468e+03
     Coulomb-14        LJ (SR)  Disper. corr.   Coulomb (SR)   Coul. recip.
    7.72709e+03    9.43652e+04   -4.56172e+03   -6.35375e+05    2.99229e+03
 Position Rest.      Potential    Kinetic En.   Total Energy  Conserved En.
    4.74797e+02   -5.24361e+05    8.62870e+04   -4.38074e+05   -4.37071e+05
    Temperature Pres. DC (bar) Pressure (bar)   Constr. rmsd
    3.01869e+02   -2.25713e+02    7.32682e+01    3.10168e-06

           Step           Time
          41000       82.00000

   Energies (kJ/mol)
           Bond          Angle    Proper Dih. Ryckaert-Bell.          LJ-14
    1.49206e+03    3.69099e+03    2.54835e+02    1.98435e+03    2.67942e+03
     Coulomb-14        LJ (SR)  Disper. corr.   Coulomb (SR)   Coul. recip.
    7.77419e+03    9.47484e+04   -4.57114e+03   -6.34846e+05    3.02959e+03
 Position Rest.      Potential    Kinetic En.   Total Energy  Conserved En.
    4.87663e+02   -5.23275e+05    8.49255e+04   -4.38350e+05   -4.37059e+05
    Temperature Pres. DC (bar) Pressure (bar)   Constr. rmsd
    2.97106e+02   -2.26645e+02    2.63970e+02    2.62980e-06

           Step           Time
          41500       83.00000

   Energies (kJ/mol)
           Bond          Angle    Proper Dih. Ryckaert-Bell.          LJ-14
    1.37968e+03    3.73824e+03    2.50872e+02    1.86633e+03    2.67104e+03
     Coulomb-14        LJ (SR)  Disper. corr.   Coulomb (SR)   Coul. recip.
    7.63247e+03    9.19317e+04   -4.55874e+03   -6.32887e+05    2.95939e+03
 Position Rest.      Potential    Kinetic En.   Total Energy  Conserved En.
    4.84016e+02   -5.24532e+05    8.51564e+04   -4.39376e+05   -4.37063e+05
    Temperature Pres. DC (bar) Pressure (bar)   Constr. rmsd
    2.97913e+02   -2.25419e+02   -1.31727e+02    2.65784e-06

           Step           Time
          42000       84.00000

   Energies (kJ/mol)
           Bond          Angle    Proper Dih. Ryckaert-Bell.          LJ-14
    1.61499e+03    3.78929e+03    2.47277e+02    1.85078e+03    2.66832e+03
     Coulomb-14        LJ (SR)  Disper. corr.   Coulomb (SR)   Coul. recip.
    7.71725e+03    9.33116e+04   -4.57250e+03   -6.34582e+05    2.96888e+03
 Position Rest.      Potential    Kinetic En.   Total Energy  Conserved En.
    4.82042e+02   -5.24504e+05    8.60679e+04   -4.38436e+05   -4.37052e+05
    Temperature Pres. DC (bar) Pressure (bar)   Constr. rmsd
    3.01102e+02   -2.26779e+02   -4.96740e+00    2.58839e-06

           Step           Time
          42500       85.00000

   Energies (kJ/mol)
           Bond          Angle    Proper Dih. Ryckaert-Bell.          LJ-14
    1.41903e+03    3.71527e+03    2.28010e+02    1.84297e+03    2.74313e+03
     Coulomb-14        LJ (SR)  Disper. corr.   Coulomb (SR)   Coul. recip.
    7.67049e+03    9.29575e+04   -4.54417e+03   -6.34372e+05    2.92628e+03
 Position Rest.      Potential    Kinetic En.   Total Energy  Conserved En.
    4.96383e+02   -5.24918e+05    8.49160e+04   -4.40002e+05   -4.37063e+05
    Temperature Pres. DC (bar) Pressure (bar)   Constr. rmsd
    2.97072e+02   -2.23981e+02   -6.54852e+01    2.93565e-06

           Step           Time
          43000       86.00000

   Energies (kJ/mol)
           Bond          Angle    Proper Dih. Ryckaert-Bell.          LJ-14
    1.41742e+03    3.54385e+03    2.45665e+02    1.96385e+03    2.66396e+03
     Coulomb-14        LJ (SR)  Disper. corr.   Coulomb (SR)   Coul. recip.
    7.73121e+03    9.41082e+04   -4.56118e+03   -6.35213e+05    2.88818e+03
 Position Rest.      Potential    Kinetic En.   Total Energy  Conserved En.
    4.92663e+02   -5.24719e+05    8.57649e+04   -4.38954e+05   -4.37058e+05
    Temperature Pres. DC (bar) Pressure (bar)   Constr. rmsd
    3.00042e+02   -2.25659e+02    1.65470e+02    3.51432e-06

           Step           Time
          43500       87.00000

   Energies (kJ/mol)
           Bond          Angle    Proper Dih. Ryckaert-Bell.          LJ-14
    1.43751e+03    3.72529e+03    2.55090e+02    1.83540e+03    2.66719e+03
     Coulomb-14        LJ (SR)  Disper. corr.   Coulomb (SR)   Coul. recip.
    7.81709e+03    9.25172e+04   -4.56555e+03   -6.34390e+05    2.90805e+03
 Position Rest.      Potential    Kinetic En.   Total Energy  Conserved En.
    4.44975e+02   -5.25348e+05    8.53995e+04   -4.39949e+05   -4.37059e+05
    Temperature Pres. DC (bar) Pressure (bar)   Constr. rmsd
    2.98764e+02   -2.26091e+02   -1.44997e+02    2.87739e-06

           Step           Time
          44000       88.00000

   Energies (kJ/mol)
           Bond          Angle    Proper Dih. Ryckaert-Bell.          LJ-14
    1.40700e+03    3.89868e+03    2.37626e+02    1.76420e+03    2.58950e+03
     Coulomb-14        LJ (SR)  Disper. corr.   Coulomb (SR)   Coul. recip.
    7.69861e+03    9.37959e+04   -4.57022e+03   -6.35077e+05    2.91597e+03
 Position Rest.      Potential    Kinetic En.   Total Energy  Conserved En.
    4.14689e+02   -5.24926e+05    8.61577e+04   -4.38768e+05   -4.37050e+05
    Temperature Pres. DC (bar) Pressure (bar)   Constr. rmsd
    3.01416e+02   -2.26554e+02   -8.39440e+01    3.03642e-06

           Step           Time
          44500       89.00000

   Energies (kJ/mol)
           Bond          Angle    Proper Dih. Ryckaert-Bell.          LJ-14
    1.43037e+03    3.80617e+03    2.68390e+02    1.83694e+03    2.68089e+03
     Coulomb-14        LJ (SR)  Disper. corr.   Coulomb (SR)   Coul. recip.
    7.82566e+03    9.32872e+04   -4.56251e+03   -6.34842e+05    2.97036e+03
 Position Rest.      Potential    Kinetic En.   Total Energy  Conserved En.
    4.71135e+02   -5.24828e+05    8.60913e+04   -4.38736e+05   -4.37043e+05
    Temperature Pres. DC (bar) Pressure (bar)   Constr. rmsd
    3.01184e+02   -2.25791e+02   -1.05592e+02    3.20452e-06

           Step           Time
          45000       90.00000

   Energies (kJ/mol)
           Bond          Angle    Proper Dih. Ryckaert-Bell.          LJ-14
    1.43696e+03    3.73598e+03    2.57162e+02    1.80222e+03    2.67477e+03
     Coulomb-14        LJ (SR)  Disper. corr.   Coulomb (SR)   Coul. recip.
    7.70028e+03    9.21361e+04   -4.54518e+03   -6.32621e+05    2.93785e+03
 Position Rest.      Potential    Kinetic En.   Total Energy  Conserved En.
    4.76576e+02   -5.24008e+05    8.53507e+04   -4.38657e+05   -4.37053e+05
    Temperature Pres. DC (bar) Pressure (bar)   Constr. rmsd
    2.98593e+02   -2.24081e+02   -2.38962e+02    3.29718e-06

           Step           Time
          45500       91.00000

   Energies (kJ/mol)
           Bond          Angle    Proper Dih. Ryckaert-Bell.          LJ-14
    1.48663e+03    3.68452e+03    2.13128e+02    1.82208e+03    2.60325e+03
     Coulomb-14        LJ (SR)  Disper. corr.   Coulomb (SR)   Coul. recip.
    7.69504e+03    9.28568e+04   -4.55887e+03   -6.32921e+05    2.97101e+03
 Position Rest.      Potential    Kinetic En.   Total Energy  Conserved En.
    4.89397e+02   -5.23658e+05    8.62672e+04   -4.37390e+05   -4.37067e+05
    Temperature Pres. DC (bar) Pressure (bar)   Constr. rmsd
    3.01799e+02   -2.25432e+02   -1.86346e+02    3.21740e-06

           Step           Time
          46000       92.00000

   Energies (kJ/mol)
           Bond          Angle    Proper Dih. Ryckaert-Bell.          LJ-14
    1.46611e+03    3.80149e+03    2.26450e+02    1.83550e+03    2.68440e+03
     Coulomb-14        LJ (SR)  Disper. corr.   Coulomb (SR)   Coul. recip.
    7.74626e+03    9.26633e+04   -4.56181e+03   -6.33931e+05    2.98011e+03
 Position Rest.      Potential    Kinetic En.   Total Energy  Conserved En.
    4.90227e+02   -5.24599e+05    8.53336e+04   -4.39265e+05   -4.37031e+05
    Temperature Pres. DC (bar) Pressure (bar)   Constr. rmsd
    2.98533e+02   -2.25722e+02   -1.87027e+02    2.79542e-06

           Step           Time
          46500       93.00000

   Energies (kJ/mol)
           Bond          Angle    Proper Dih. Ryckaert-Bell.          LJ-14
    1.43152e+03    3.67823e+03    2.27298e+02    1.77612e+03    2.63955e+03
     Coulomb-14        LJ (SR)  Disper. corr.   Coulomb (SR)   Coul. recip.
    7.69742e+03    9.39152e+04   -4.55745e+03   -6.34943e+05    2.92306e+03
 Position Rest.      Potential    Kinetic En.   Total Energy  Conserved En.
    4.48880e+02   -5.24763e+05    8.61909e+04   -4.38572e+05   -4.37042e+05
    Temperature Pres. DC (bar) Pressure (bar)   Constr. rmsd
    3.01532e+02   -2.25292e+02   -1.52594e+01    3.39887e-06

           Step           Time
          47000       94.00000

   Energies (kJ/mol)
           Bond          Angle    Proper Dih. Ryckaert-Bell.          LJ-14
    1.45367e+03    3.67903e+03    2.72484e+02    1.81454e+03    2.68911e+03
     Coulomb-14        LJ (SR)  Disper. corr.   Coulomb (SR)   Coul. recip.
    7.84777e+03    9.28544e+04   -4.57645e+03   -6.32825e+05    3.02459e+03
 Position Rest.      Potential    Kinetic En.   Total Energy  Conserved En.
    4.72160e+02   -5.23294e+05    8.54151e+04   -4.37879e+05   -4.37041e+05
    Temperature Pres. DC (bar) Pressure (bar)   Constr. rmsd
    2.98818e+02   -2.27171e+02   -5.44090e+01    2.94341e-06

           Step           Time
          47500       95.00000

   Energies (kJ/mol)
           Bond          Angle    Proper Dih. Ryckaert-Bell.          LJ-14
    1.50089e+03    3.80325e+03    2.35849e+02    1.82387e+03    2.67719e+03
     Coulomb-14        LJ (SR)  Disper. corr.   Coulomb (SR)   Coul. recip.
    7.69468e+03    9.34617e+04   -4.56620e+03   -6.34282e+05    2.88159e+03
 Position Rest.      Potential    Kinetic En.   Total Energy  Conserved En.
    4.88073e+02   -5.24281e+05    8.63853e+04   -4.37896e+05   -4.37029e+05
    Temperature Pres. DC (bar) Pressure (bar)   Constr. rmsd
    3.02213e+02   -2.26156e+02    1.41127e+02    2.73186e-06

           Step           Time
          48000       96.00000

   Energies (kJ/mol)
           Bond          Angle    Proper Dih. Ryckaert-Bell.          LJ-14
    1.55737e+03    3.63256e+03    2.23039e+02    1.86409e+03    2.65610e+03
     Coulomb-14        LJ (SR)  Disper. corr.   Coulomb (SR)   Coul. recip.
    7.73364e+03    9.41280e+04   -4.55955e+03   -6.35967e+05    2.84576e+03
 Position Rest.      Potential    Kinetic En.   Total Energy  Conserved En.
    5.12133e+02   -5.25374e+05    8.57212e+04   -4.39653e+05   -4.37029e+05
    Temperature Pres. DC (bar) Pressure (bar)   Constr. rmsd
    2.99889e+02   -2.25498e+02   -1.27794e+01    2.86239e-06

           Step           Time
          48500       97.00000

   Energies (kJ/mol)
           Bond          Angle    Proper Dih. Ryckaert-Bell.          LJ-14
    1.39436e+03    3.75318e+03    2.69224e+02    1.86341e+03    2.62601e+03
     Coulomb-14        LJ (SR)  Disper. corr.   Coulomb (SR)   Coul. recip.
    7.66348e+03    9.29550e+04   -4.56069e+03   -6.34272e+05    2.94209e+03
 Position Rest.      Potential    Kinetic En.   Total Energy  Conserved En.
    5.17517e+02   -5.24848e+05    8.61293e+04   -4.38719e+05   -4.37045e+05
    Temperature Pres. DC (bar) Pressure (bar)   Constr. rmsd
    3.01317e+02   -2.25611e+02   -9.04990e+01    2.64041e-06

           Step           Time
          49000       98.00000

   Energies (kJ/mol)
           Bond          Angle    Proper Dih. Ryckaert-Bell.          LJ-14
    1.33471e+03    3.75771e+03    2.25351e+02    1.85367e+03    2.69557e+03
     Coulomb-14        LJ (SR)  Disper. corr.   Coulomb (SR)   Coul. recip.
    7.76731e+03    9.29382e+04   -4.56351e+03   -6.33882e+05    2.96906e+03
 Position Rest.      Potential    Kinetic En.   Total Energy  Conserved En.
    4.42663e+02   -5.24461e+05    8.57583e+04   -4.38703e+05   -4.37016e+05
    Temperature Pres. DC (bar) Pressure (bar)   Constr. rmsd
    3.00019e+02   -2.25890e+02   -6.87607e+01    2.64031e-06

           Step           Time
          49500       99.00000

   Energies (kJ/mol)
           Bond          Angle    Proper Dih. Ryckaert-Bell.          LJ-14
    1.55985e+03    3.64666e+03    2.25607e+02    1.83221e+03    2.62252e+03
     Coulomb-14        LJ (SR)  Disper. corr.   Coulomb (SR)   Coul. recip.
    7.72350e+03    9.41646e+04   -4.55081e+03   -6.35490e+05    2.98123e+03
 Position Rest.      Potential    Kinetic En.   Total Energy  Conserved En.
    4.68747e+02   -5.24816e+05    8.58893e+04   -4.38927e+05   -4.37032e+05
    Temperature Pres. DC (bar) Pressure (bar)   Constr. rmsd
    3.00477e+02   -2.24636e+02   -1.01214e+02    2.89031e-06

           Step           Time
          50000      100.00000

Writing checkpoint, step 50000 at Fri Oct 28 19:42:06 2022


   Energies (kJ/mol)
           Bond          Angle    Proper Dih. Ryckaert-Bell.          LJ-14
    1.40178e+03    3.63697e+03    2.60145e+02    1.86027e+03    2.69873e+03
     Coulomb-14        LJ (SR)  Disper. corr.   Coulomb (SR)   Coul. recip.
    7.81335e+03    9.43910e+04   -4.56348e+03   -6.36017e+05    2.92632e+03
 Position Rest.      Potential    Kinetic En.   Total Energy  Conserved En.
    4.73337e+02   -5.25118e+05    8.47086e+04   -4.40410e+05   -4.37036e+05
    Temperature Pres. DC (bar) Pressure (bar)   Constr. rmsd
    2.96347e+02   -2.25887e+02    2.35149e+02    2.67823e-06


Energy conservation over simulation part #1 of length 100 ps, time 0 to 100 ps
  Conserved energy drift: 7.46e-05 kJ/mol/ps per atom


	<======  ###############  ==>
	<====  A V E R A G E S  ====>
	<==  ###############  ======>

	Statistics over 50001 steps using 501 frames

   Energies (kJ/mol)
           Bond          Angle    Proper Dih. Ryckaert-Bell.          LJ-14
    1.45563e+03    3.72156e+03    2.49617e+02    1.83607e+03    2.67454e+03
     Coulomb-14        LJ (SR)  Disper. corr.   Coulomb (SR)   Coul. recip.
    7.75043e+03    9.34916e+04   -4.56148e+03   -6.34556e+05    2.94157e+03
 Position Rest.      Potential    Kinetic En.   Total Energy  Conserved En.
    4.78310e+02   -5.24518e+05    8.57468e+04   -4.38771e+05   -4.37137e+05
    Temperature Pres. DC (bar) Pressure (bar)   Constr. rmsd
    2.99979e+02   -2.25691e+02   -4.74426e+00    0.00000e+00

          Box-X          Box-Y          Box-Z
    6.95217e+00    6.95217e+00    6.95217e+00

   Total Virial (kJ/mol)
    2.85281e+04   -5.53538e+01   -2.01980e+02
   -5.54289e+01    2.87009e+04    2.94910e+02
   -2.02048e+02    2.94834e+02    2.86669e+04

   Pressure (bar)
    6.07542e+00    7.29439e+00    2.13396e+01
    7.30180e+00   -1.08903e+01   -3.15318e+01
    2.13462e+01   -3.15243e+01   -9.41793e+00

      T-Protein  T-non-Protein
    3.00114e+02    2.99969e+02


	M E G A - F L O P S   A C C O U N T I N G

 NB=Group-cutoff nonbonded kernels    NxN=N-by-N cluster Verlet kernels
 RF=Reaction-Field  VdW=Van der Waals  QSTab=quadratic-spline table
 W3=SPC/TIP3p  W4=TIP4p (single or pairs)
 V&F=Potential and force  V=Potential only  F=Force only

 Computing:                               M-Number         M-Flops  % Flops
-----------------------------------------------------------------------------
 Pair Search distance check           14960.507060      134644.564     0.2
 NxN Ewald Elec. + LJ [F]            523735.478192    34566541.561    51.9
 NxN Ewald Elec. + LJ [V&F]            5300.401152      567142.923     0.9
 NxN Ewald Elec. [F]                 466542.276400    28459078.860    42.7
 NxN Ewald Elec. [V&F]                 4721.735392      396625.773     0.6
 1,4 nonbonded interactions             255.305106       22977.460     0.0
 Calc Weights                          5081.501628      182934.059     0.3
 Spread Q Bspline                    108405.368064      216810.736     0.3
 Gather F Bspline                    108405.368064      650432.208     1.0
 3D-FFT                              139519.590336     1116156.723     1.7
 Solve PME                               96.801936        6195.324     0.0
 Reset In Box                            33.876000         101.628     0.0
 CG-CoM                                  33.909876         101.730     0.0
 Bonds                                   51.251025        3023.810     0.0
 Angles                                 177.353547       29795.396     0.0
 Propers                                 21.300426        4877.798     0.0
 RB-Dihedrals                           197.503950       48783.476     0.1
 Pos. Restr.                             50.051001        2502.550     0.0
 Virial                                 169.638921        3053.501     0.0
 Stop-CM                                 16.971876         169.719     0.0
 Calc-Ekin                              338.827752        9148.349     0.0
 Lincs                                   47.950959        2877.058     0.0
 Lincs-Mat                              238.804776         955.219     0.0
 Constraint-V                          1691.333826       15222.004     0.0
 Constraint-Vir                         164.367867        3944.829     0.0
 Settle                                 531.810636      196769.935     0.3
-----------------------------------------------------------------------------
 Total                                                66640867.191   100.0
-----------------------------------------------------------------------------


    D O M A I N   D E C O M P O S I T I O N   S T A T I S T I C S

 av. #atoms communicated per step for force:  2 x 0.0


     R E A L   C Y C L E   A N D   T I M E   A C C O U N T I N G

On 1 MPI rank, each using 12 OpenMP threads

 Computing:          Num   Num      Call    Wall time         Giga-Cycles
                     Ranks Threads  Count      (s)         total sum    %
-----------------------------------------------------------------------------
 Domain decomp.         1   12       1000       3.710        115.406   1.3
 Neighbor search        1   12       1001       7.021        218.395   2.5
 Force                  1   12      50001     194.154       6038.933  69.7
 PME mesh               1   12      50001      52.210       1623.947  18.7
 NB X/F buffer ops.     1   12      99001       9.611        298.933   3.4
 Write traj.            1   12        101       0.755         23.498   0.3
 Update                 1   12      50001       5.531        172.025   2.0
 Constraints            1   12      50001       3.481        108.258   1.2
 Rest                                           2.154         66.988   0.8
-----------------------------------------------------------------------------
 Total                                        278.627       8666.383 100.0
-----------------------------------------------------------------------------
 Breakdown of PME mesh computation
-----------------------------------------------------------------------------
 PME spread             1   12      50001      28.690        892.382  10.3
 PME gather             1   12      50001      11.625        361.595   4.2
 PME 3D-FFT             1   12     100002      10.704        332.937   3.8
 PME solve Elec         1   12      50001       0.830         25.806   0.3
-----------------------------------------------------------------------------

               Core t (s)   Wall t (s)        (%)
       Time:     3343.521      278.627     1200.0
                 (ns/day)    (hour/ns)
Performance:       31.010        0.774
Finished mdrun on rank 0 Fri Oct 28 19:42:06 2022

